"../../../InstructorOfTheDead/Content/2DSideScrollerBP/Blueprints/GameOverScreenLevel2.uasset" 0
"../../../Engine/Content/EditorBlueprintResources/StandardMacros.uasset" 1
"../../../InstructorOfTheDead/Content/2DSideScrollerBP/Blueprints/MyGameInstance.uasset" 2
"../../../InstructorOfTheDead/Content/2DSideScrollerBP/Sounds/Char_Sounds/Hit.uasset" 3
"../../../InstructorOfTheDead/Content/2DSideScrollerBP/Sounds/Char_Sounds/Shoot_Sound/THROWING.uasset" 4
"../../../Engine/Plugins/2D/Paper2D/Content/DefaultSpriteMaterial.uasset" 5
"../../../Engine/Plugins/2D/Paper2D/Content/TranslucentUnlitSpriteMaterial.uasset" 6
"../../../InstructorOfTheDead/Content/2DSideScrollerBP/Sprites/Bullets/2.uasset" 7
"../../../InstructorOfTheDead/Content/2DSideScrollerBP/Sprites/Bullets/2_Sprite_0.uasset" 8
"../../../InstructorOfTheDead/Content/2DSideScrollerBP/Sprites/Bullets/3.uasset" 9
"../../../InstructorOfTheDead/Content/2DSideScrollerBP/Sprites/Bullets/3_Sprite_0.uasset" 10
"../../../InstructorOfTheDead/Content/2DSideScrollerBP/Sprites/Bullets/Graduation_Cap.uasset" 11
"../../../Engine/Content/Functions/Engine_MaterialFunctions01/Gradient/RadialGradient.uasset" 12
"../../../InstructorOfTheDead/Content/StarterContent/Particles/Materials/M_Radial_Gradient.uasset" 13
"../../../InstructorOfTheDead/Content/StarterContent/Textures/T_Smoke_SubUV.uasset" 14
"../../../InstructorOfTheDead/Content/StarterContent/Textures/T_Smoke_Tiled_D.uasset" 15
"../../../InstructorOfTheDead/Content/StarterContent/Particles/Materials/M_smoke_subUV.uasset" 16
"../../../InstructorOfTheDead/Content/StarterContent/Textures/T_Spark_Core.uasset" 17
"../../../InstructorOfTheDead/Content/StarterContent/Particles/Materials/M_Spark.uasset" 18
"../../../InstructorOfTheDead/Content/StarterContent/Particles/P_Sparks.uasset" 19
"../../../InstructorOfTheDead/Content/2DSideScrollerBP/Blueprints/MyProjectile.uasset" 20
"../../../InstructorOfTheDead/Content/2DSideScrollerBP/Blueprints/Char_State.uasset" 21
"../../../InstructorOfTheDead/Content/2DSideScrollerBP/Blueprints/GameOverScreen.uasset" 22
"../../../InstructorOfTheDead/Content/2DSideScrollerBP/Sprites/Assets/healthbar_2.uasset" 23
"../../../InstructorOfTheDead/Content/2DSideScrollerBP/Sprites/Assets/liu_face_lives.uasset" 24
"../../../InstructorOfTheDead/Content/InstructorOfTheDead/Assets/coinUI.uasset" 25
"../../../InstructorOfTheDead/Content/InstructorOfTheDead/Assets/crappyUI.uasset" 26
"../../../InstructorOfTheDead/Content/InstructorOfTheDead/Assets/liu2.uasset" 27
"../../../InstructorOfTheDead/Content/2DSideScrollerBP/Blueprints/healthWg.uasset" 28
"../../../InstructorOfTheDead/Content/2DSideScrollerBP/Sounds/Char_Sounds/Die.uasset" 29
"../../../InstructorOfTheDead/Content/2DSideScrollerBP/Sounds/Char_Sounds/Jump.uasset" 30
"../../../InstructorOfTheDead/Content/2DSideScrollerBP/Sprites/Char2/spriteee.uasset" 31
"../../../InstructorOfTheDead/Content/2DSideScrollerBP/Sprites/Char2/spriteee_Sprite_139.uasset" 32
"../../../InstructorOfTheDead/Content/2DSideScrollerBP/Sprites/Char2/_jump_animation.uasset" 33
"../../../InstructorOfTheDead/Content/2DSideScrollerBP/Sprites/Char2/spriteee_Sprite_137.uasset" 34
"../../../InstructorOfTheDead/Content/2DSideScrollerBP/Sprites/Char2/spriteee_Sprite_138.uasset" 35
"../../../InstructorOfTheDead/Content/2DSideScrollerBP/Sprites/Char2/_walk_animation.uasset" 36
"../../../InstructorOfTheDead/Content/2DSideScrollerBP/Sprites/Char2/idle2e.uasset" 37
"../../../InstructorOfTheDead/Content/2DSideScrollerBP/Sprites/Char2/idle2e_Sprite_2.uasset" 38
"../../../InstructorOfTheDead/Content/2DSideScrollerBP/Sprites/Char2/liu_face_sprite.uasset" 39
"../../../InstructorOfTheDead/Content/2DSideScrollerBP/Sprites/Char2/liu_face_sprite_Sprite_0.uasset" 40
"../../../InstructorOfTheDead/Content/2DSideScrollerBP/Sprites/Char2/idle_animation_111.uasset" 41
"../../../InstructorOfTheDead/Content/2DSideScrollerBP/Sprites/Char2/JUMP/10.uasset" 42
"../../../InstructorOfTheDead/Content/2DSideScrollerBP/Sprites/Char2/JUMP/10_Sprite.uasset" 43
"../../../InstructorOfTheDead/Content/2DSideScrollerBP/Sprites/Char2/JUMP/11.uasset" 44
"../../../InstructorOfTheDead/Content/2DSideScrollerBP/Sprites/Char2/JUMP/11_Sprite.uasset" 45
"../../../InstructorOfTheDead/Content/2DSideScrollerBP/Sprites/Char2/JUMP/12.uasset" 46
"../../../InstructorOfTheDead/Content/2DSideScrollerBP/Sprites/Char2/JUMP/12_Sprite.uasset" 47
"../../../InstructorOfTheDead/Content/2DSideScrollerBP/Sprites/Char2/JUMP/13.uasset" 48
"../../../InstructorOfTheDead/Content/2DSideScrollerBP/Sprites/Char2/JUMP/13_Sprite.uasset" 49
"../../../InstructorOfTheDead/Content/2DSideScrollerBP/Sprites/Char2/JUMP/14.uasset" 50
"../../../InstructorOfTheDead/Content/2DSideScrollerBP/Sprites/Char2/JUMP/14_Sprite.uasset" 51
"../../../InstructorOfTheDead/Content/2DSideScrollerBP/Sprites/Char2/JUMP/15.uasset" 52
"../../../InstructorOfTheDead/Content/2DSideScrollerBP/Sprites/Char2/JUMP/15_Sprite.uasset" 53
"../../../InstructorOfTheDead/Content/2DSideScrollerBP/Sprites/Char2/JUMP/16.uasset" 54
"../../../InstructorOfTheDead/Content/2DSideScrollerBP/Sprites/Char2/JUMP/16_Sprite.uasset" 55
"../../../InstructorOfTheDead/Content/2DSideScrollerBP/Sprites/Char2/JUMP/17.uasset" 56
"../../../InstructorOfTheDead/Content/2DSideScrollerBP/Sprites/Char2/JUMP/17_Sprite.uasset" 57
"../../../InstructorOfTheDead/Content/2DSideScrollerBP/Sprites/Char2/JUMP/18.uasset" 58
"../../../InstructorOfTheDead/Content/2DSideScrollerBP/Sprites/Char2/JUMP/18_Sprite.uasset" 59
"../../../InstructorOfTheDead/Content/2DSideScrollerBP/Sprites/Char2/JUMP/20.uasset" 60
"../../../InstructorOfTheDead/Content/2DSideScrollerBP/Sprites/Char2/JUMP/20_Sprite.uasset" 61
"../../../InstructorOfTheDead/Content/2DSideScrollerBP/Sprites/Char2/JUMP/2.uasset" 62
"../../../InstructorOfTheDead/Content/2DSideScrollerBP/Sprites/Char2/JUMP/2_Sprite.uasset" 63
"../../../InstructorOfTheDead/Content/2DSideScrollerBP/Sprites/Char2/JUMP/3.uasset" 64
"../../../InstructorOfTheDead/Content/2DSideScrollerBP/Sprites/Char2/JUMP/3_Sprite.uasset" 65
"../../../InstructorOfTheDead/Content/2DSideScrollerBP/Sprites/Char2/JUMP/4.uasset" 66
"../../../InstructorOfTheDead/Content/2DSideScrollerBP/Sprites/Char2/JUMP/4_Sprite.uasset" 67
"../../../InstructorOfTheDead/Content/2DSideScrollerBP/Sprites/Char2/JUMP/5.uasset" 68
"../../../InstructorOfTheDead/Content/2DSideScrollerBP/Sprites/Char2/JUMP/5_Sprite.uasset" 69
"../../../InstructorOfTheDead/Content/2DSideScrollerBP/Sprites/Char2/JUMP/6.uasset" 70
"../../../InstructorOfTheDead/Content/2DSideScrollerBP/Sprites/Char2/JUMP/6_Sprite.uasset" 71
"../../../InstructorOfTheDead/Content/2DSideScrollerBP/Sprites/Char2/JUMP/7.uasset" 72
"../../../InstructorOfTheDead/Content/2DSideScrollerBP/Sprites/Char2/JUMP/7_Sprite.uasset" 73
"../../../InstructorOfTheDead/Content/2DSideScrollerBP/Sprites/Char2/JUMP/8.uasset" 74
"../../../InstructorOfTheDead/Content/2DSideScrollerBP/Sprites/Char2/JUMP/8_Sprite.uasset" 75
"../../../InstructorOfTheDead/Content/2DSideScrollerBP/Sprites/Char2/JUMP/9.uasset" 76
"../../../InstructorOfTheDead/Content/2DSideScrollerBP/Sprites/Char2/JUMP/9_Sprite.uasset" 77
"../../../InstructorOfTheDead/Content/2DSideScrollerBP/Sprites/Char2/JUMP/Double_Jump.uasset" 78
"../../../InstructorOfTheDead/Content/2DSideScrollerBP/Sprites/Char2/shooootttt.uasset" 79
"../../../InstructorOfTheDead/Content/2DSideScrollerBP/Sprites/Char2/shooootttt_Sprite_0.uasset" 80
"../../../InstructorOfTheDead/Content/2DSideScrollerBP/Sprites/Char2/shoot_animation_.uasset" 81
"../../../InstructorOfTheDead/Content/2DSideScrollerBP/Blueprints/main_char/2DSideScrollerCharacter.uasset" 82
"../../../InstructorOfTheDead/Content/2DSideScrollerBP/Blueprints/2DSideScrollerGameMode.uasset" 83
"../../../InstructorOfTheDead/Content/2DSideScrollerBP/Blueprints/2DSideScrollerCharacter.uasset" 84
"../../../InstructorOfTheDead/Content/2DSideScrollerBP/Blueprints/HUD.uasset" 85
"../../../InstructorOfTheDead/Content/2DSideScrollerBP/Blueprints/MMenu_2.uasset" 86
"../../../InstructorOfTheDead/Content/2DSideScrollerBP/Blueprints/EnemyAi.uasset" 87
"../../../InstructorOfTheDead/Content/2DSideScroller/Textures/2DCharacter_IdleAnimAtlas.uasset" 88
"../../../InstructorOfTheDead/Content/2DSideScroller/Sprites/IdleFrames/IdleCycle1.uasset" 89
"../../../InstructorOfTheDead/Content/2DSideScroller/Sprites/IdleFrames/IdleCycle2.uasset" 90
"../../../InstructorOfTheDead/Content/2DSideScroller/Sprites/IdleFrames/IdleCycle3.uasset" 91
"../../../InstructorOfTheDead/Content/2DSideScroller/Sprites/IdleFrames/IdleCycle4.uasset" 92
"../../../InstructorOfTheDead/Content/2DSideScroller/Sprites/IdleFrames/IdleCycle5.uasset" 93
"../../../InstructorOfTheDead/Content/2DSideScroller/Sprites/IdleFrames/IdleCycle6.uasset" 94
"../../../InstructorOfTheDead/Content/2DSideScroller/Sprites/IdleFrames/IdleCycle7.uasset" 95
"../../../InstructorOfTheDead/Content/2DSideScroller/Sprites/IdleFrames/IdleCycle8.uasset" 96
"../../../InstructorOfTheDead/Content/2DSideScroller/Sprites/IdleAnimation.uasset" 97
"../../../InstructorOfTheDead/Content/2DSideScroller/Textures/2DCharacter_RunAnimAtlas.uasset" 98
"../../../InstructorOfTheDead/Content/2DSideScroller/Sprites/RunFrames/RunCycle_1.uasset" 99
"../../../InstructorOfTheDead/Content/2DSideScroller/Sprites/RunFrames/RunCycle_10.uasset" 100
"../../../InstructorOfTheDead/Content/2DSideScroller/Sprites/RunFrames/RunCycle_11.uasset" 101
"../../../InstructorOfTheDead/Content/2DSideScroller/Sprites/RunFrames/RunCycle_12.uasset" 102
"../../../InstructorOfTheDead/Content/2DSideScroller/Sprites/RunFrames/RunCycle_13.uasset" 103
"../../../InstructorOfTheDead/Content/2DSideScroller/Sprites/RunFrames/RunCycle_14.uasset" 104
"../../../InstructorOfTheDead/Content/2DSideScroller/Sprites/RunFrames/RunCycle_15.uasset" 105
"../../../InstructorOfTheDead/Content/2DSideScroller/Sprites/RunFrames/RunCycle_16.uasset" 106
"../../../InstructorOfTheDead/Content/2DSideScroller/Sprites/RunFrames/RunCycle_2.uasset" 107
"../../../InstructorOfTheDead/Content/2DSideScroller/Sprites/RunFrames/RunCycle_3.uasset" 108
"../../../InstructorOfTheDead/Content/2DSideScroller/Sprites/RunFrames/RunCycle_4.uasset" 109
"../../../InstructorOfTheDead/Content/2DSideScroller/Sprites/RunFrames/RunCycle_5.uasset" 110
"../../../InstructorOfTheDead/Content/2DSideScroller/Sprites/RunFrames/RunCycle_6.uasset" 111
"../../../InstructorOfTheDead/Content/2DSideScroller/Sprites/RunFrames/RunCycle_7.uasset" 112
"../../../InstructorOfTheDead/Content/2DSideScroller/Sprites/RunFrames/RunCycle_8.uasset" 113
"../../../InstructorOfTheDead/Content/2DSideScroller/Sprites/RunFrames/RunCycle_9.uasset" 114
"../../../InstructorOfTheDead/Content/2DSideScroller/Sprites/RunningAnimation.uasset" 115
"../../../InstructorOfTheDead/Content/2DSideScrollerBP/Blueprints/B0ss.uasset" 116
"../../../InstructorOfTheDead/Content/2DSideScrollerBP/Blueprints/AngledCamCharacter.uasset" 117
"../../../InstructorOfTheDead/Content/2DSideScrollerBP/Blueprints/Backup-2DSideScrollerCharacter.uasset" 118
"../../../Engine/Content/Functions/Engine_MaterialFunctions02/FixRotateAboutAxisNormals.uasset" 119
"../../../Engine/Content/Functions/Engine_MaterialFunctions02/Math/TimeWithSpeedVariable.uasset" 120
"../../../Engine/Content/Functions/Engine_MaterialFunctions02/Lerp_Multiple_Float2.uasset" 121
"../../../Engine/Content/Functions/Engine_MaterialFunctions02/ms_PivotPainter2_UnpackIntegerAsFloat.uasset" 122
"../../../Engine/Content/Functions/Engine_MaterialFunctions02/Utility/BreakOutFloat2Components.uasset" 123
"../../../Engine/Content/Functions/Engine_MaterialFunctions02/Utility/MakeFloat2.uasset" 124
"../../../Engine/Content/Functions/Engine_MaterialFunctions02/PivotPainter2/2dArrayLookupByIndex.uasset" 125
"../../../Engine/Content/Functions/Engine_MaterialFunctions02/PivotPainter2/ms_PivotPainter2_CalculateMeshElementIndex.uasset" 126
"../../../Engine/Content/Functions/Engine_MaterialFunctions02/PivotPainter2/ms_PivotPainter2_Decode8BitAlphaAxisExtent.uasset" 127
"../../../Engine/Content/Functions/Engine_MaterialFunctions02/PivotPainter2/ms_PivotPainter2_DecodeAxisVector.uasset" 128
"../../../Engine/Content/Functions/Engine_MaterialFunctions02/PivotPainter2/ms_PivotPainter2_DecodePostion.uasset" 129
"../../../Engine/Content/Functions/Engine_MaterialFunctions02/PivotPainter2/ms_PivotPainter2_ReturnParentTextureInfo.uasset" 130
"../../../Engine/Content/Functions/Engine_MaterialFunctions02/Utility/VectorLength.uasset" 131
"../../../Engine/Content/Functions/Engine_MaterialFunctions02/WorldPositionOffset/ObjectScale.uasset" 132
"../../../Engine/Content/Functions/Engine_MaterialFunctions02/ExampleContent/PivotPainter2/PP2_rgb_XVect_a_XExtent.uasset" 133
"../../../Engine/Content/Functions/Engine_MaterialFunctions02/ExampleContent/PivotPainter2/SimpExPivPos.uasset" 134
"../../../Engine/Content/Functions/Engine_MaterialFunctions02/ExampleContent/PivotPainter2/test2_rgb_PivotPos_a_ParentIndexInt_UV_2.uasset" 135
"../../../Engine/Content/Functions/Engine_MaterialFunctions02/ExampleContent/Textures/WindTurblenceVectorAndGustMagnitude.uasset" 136
"../../../Engine/Content/Functions/Engine_MaterialFunctions02/PivotPainter2/PivotPainter2FoliageAnimation.uasset" 137
"../../../Engine/Content/Functions/Engine_MaterialFunctions02/PivotPainter2/PivotPainter2FoliageShader.uasset" 138
"../../../Engine/Content/Functions/Engine_MaterialFunctions02/ExampleContent/PivotPainter2/SimplePivotPainterExampleMat.uasset" 139
"../../../InstructorOfTheDead/Content/StarterContent/Materials/M_Basic_Wall.uasset" 140
"../../../InstructorOfTheDead/Content/StarterContent/Shapes/Shape_Plane.uasset" 141
"../../../InstructorOfTheDead/Content/2DSideScrollerBP/Blueprints/waterObj.uasset" 142
"../../../InstructorOfTheDead/Content/2DSideScrollerBP/Blueprints/HealthBarCharacter.uasset" 143
"../../../InstructorOfTheDead/Content/2DSideScrollerBP/Blueprints/GameOverScreenLevel3.uasset" 144
"../../../InstructorOfTheDead/Content/2DSideScrollerBP/Blueprints/2DSSC-Upd-En-Dmg.uasset" 145
"../../../InstructorOfTheDead/Content/2DSideScrollerBP/Blueprints/Gold.uasset" 146
"../../../InstructorOfTheDead/Content/StarterContent/Shapes/Shape_Torus.uasset" 147
"../../../InstructorOfTheDead/Content/2DSideScrollerBP/Blueprints/Ring.uasset" 148
"../../../InstructorOfTheDead/Content/StarterContent/Textures/T_Burst_M.uasset" 149
"../../../InstructorOfTheDead/Content/StarterContent/Particles/Materials/M_Burst.uasset" 150
"../../../InstructorOfTheDead/Content/StarterContent/Textures/T_Explosion_SubUV.uasset" 151
"../../../InstructorOfTheDead/Content/StarterContent/Particles/Materials/M_explosion_subUV.uasset" 152
"../../../InstructorOfTheDead/Content/StarterContent/Particles/Materials/m_flare_01.uasset" 153
"../../../InstructorOfTheDead/Content/StarterContent/Particles/Materials/M_radial_ramp.uasset" 154
"../../../InstructorOfTheDead/Content/StarterContent/Particles/P_Explosion.uasset" 155
"../../../InstructorOfTheDead/Content/2DSideScrollerBP/Blueprints/Enemy_blueprints/EnemyJumper-Upd-En-Dmg.uasset" 156
"../../../InstructorOfTheDead/Content/2DSideScrollerBP/Blueprints/Enemy_blueprints/test_boss.uasset" 157
"../../../InstructorOfTheDead/Content/2DSideScrollerBP/Sprites/Enemy/Boy/Idle/Idle__10_.uasset" 158
"../../../InstructorOfTheDead/Content/2DSideScrollerBP/Sprites/Enemy/Boy/Idle/Idle__10__Sprite.uasset" 159
"../../../InstructorOfTheDead/Content/2DSideScrollerBP/Sprites/Enemy/Boy/Idle/Idle__11_.uasset" 160
"../../../InstructorOfTheDead/Content/2DSideScrollerBP/Sprites/Enemy/Boy/Idle/Idle__11__Sprite.uasset" 161
"../../../InstructorOfTheDead/Content/2DSideScrollerBP/Sprites/Enemy/Boy/Idle/Idle__12_.uasset" 162
"../../../InstructorOfTheDead/Content/2DSideScrollerBP/Sprites/Enemy/Boy/Idle/Idle__12__Sprite.uasset" 163
"../../../InstructorOfTheDead/Content/2DSideScrollerBP/Sprites/Enemy/Boy/Idle/Idle__13_.uasset" 164
"../../../InstructorOfTheDead/Content/2DSideScrollerBP/Sprites/Enemy/Boy/Idle/Idle__13__Sprite.uasset" 165
"../../../InstructorOfTheDead/Content/2DSideScrollerBP/Sprites/Enemy/Boy/Idle/Idle__14_.uasset" 166
"../../../InstructorOfTheDead/Content/2DSideScrollerBP/Sprites/Enemy/Boy/Idle/Idle__14__Sprite.uasset" 167
"../../../InstructorOfTheDead/Content/2DSideScrollerBP/Sprites/Enemy/Boy/Idle/Idle__15_.uasset" 168
"../../../InstructorOfTheDead/Content/2DSideScrollerBP/Sprites/Enemy/Boy/Idle/Idle__15__Sprite.uasset" 169
"../../../InstructorOfTheDead/Content/2DSideScrollerBP/Sprites/Enemy/Boy/Idle/Idle__1_.uasset" 170
"../../../InstructorOfTheDead/Content/2DSideScrollerBP/Sprites/Enemy/Boy/Idle/Idle__1__Sprite.uasset" 171
"../../../InstructorOfTheDead/Content/2DSideScrollerBP/Sprites/Enemy/Boy/Idle/Idle__2_.uasset" 172
"../../../InstructorOfTheDead/Content/2DSideScrollerBP/Sprites/Enemy/Boy/Idle/Idle__2__Sprite.uasset" 173
"../../../InstructorOfTheDead/Content/2DSideScrollerBP/Sprites/Enemy/Boy/Idle/Idle__3_.uasset" 174
"../../../InstructorOfTheDead/Content/2DSideScrollerBP/Sprites/Enemy/Boy/Idle/Idle__3__Sprite.uasset" 175
"../../../InstructorOfTheDead/Content/2DSideScrollerBP/Sprites/Enemy/Boy/Idle/Idle__4_.uasset" 176
"../../../InstructorOfTheDead/Content/2DSideScrollerBP/Sprites/Enemy/Boy/Idle/Idle__4__Sprite.uasset" 177
"../../../InstructorOfTheDead/Content/2DSideScrollerBP/Sprites/Enemy/Boy/Idle/Idle__5_.uasset" 178
"../../../InstructorOfTheDead/Content/2DSideScrollerBP/Sprites/Enemy/Boy/Idle/Idle__5__Sprite.uasset" 179
"../../../InstructorOfTheDead/Content/2DSideScrollerBP/Sprites/Enemy/Boy/Idle/Idle__6_.uasset" 180
"../../../InstructorOfTheDead/Content/2DSideScrollerBP/Sprites/Enemy/Boy/Idle/Idle__6__Sprite.uasset" 181
"../../../InstructorOfTheDead/Content/2DSideScrollerBP/Sprites/Enemy/Boy/Idle/Idle__7_.uasset" 182
"../../../InstructorOfTheDead/Content/2DSideScrollerBP/Sprites/Enemy/Boy/Idle/Idle__7__Sprite.uasset" 183
"../../../InstructorOfTheDead/Content/2DSideScrollerBP/Sprites/Enemy/Boy/Idle/Idle__8_.uasset" 184
"../../../InstructorOfTheDead/Content/2DSideScrollerBP/Sprites/Enemy/Boy/Idle/Idle__8__Sprite.uasset" 185
"../../../InstructorOfTheDead/Content/2DSideScrollerBP/Sprites/Enemy/Boy/Idle/Idle__9_.uasset" 186
"../../../InstructorOfTheDead/Content/2DSideScrollerBP/Sprites/Enemy/Boy/Idle/Idle__9__Sprite.uasset" 187
"../../../InstructorOfTheDead/Content/2DSideScrollerBP/Sprites/Enemy/Boy/Idle/Zombie_idle.uasset" 188
"../../../InstructorOfTheDead/Content/2DSideScrollerBP/Sprites/Enemy/Boy/Walk/Walk__10_.uasset" 189
"../../../InstructorOfTheDead/Content/2DSideScrollerBP/Sprites/Enemy/Boy/Walk/Walk__10__Sprite.uasset" 190
"../../../InstructorOfTheDead/Content/2DSideScrollerBP/Sprites/Enemy/Boy/Walk/Walk__1_.uasset" 191
"../../../InstructorOfTheDead/Content/2DSideScrollerBP/Sprites/Enemy/Boy/Walk/Walk__1__Sprite.uasset" 192
"../../../InstructorOfTheDead/Content/2DSideScrollerBP/Sprites/Enemy/Boy/Walk/Walk__2_.uasset" 193
"../../../InstructorOfTheDead/Content/2DSideScrollerBP/Sprites/Enemy/Boy/Walk/Walk__2__Sprite.uasset" 194
"../../../InstructorOfTheDead/Content/2DSideScrollerBP/Sprites/Enemy/Boy/Walk/Walk__3_.uasset" 195
"../../../InstructorOfTheDead/Content/2DSideScrollerBP/Sprites/Enemy/Boy/Walk/Walk__3__Sprite.uasset" 196
"../../../InstructorOfTheDead/Content/2DSideScrollerBP/Sprites/Enemy/Boy/Walk/Walk__4_.uasset" 197
"../../../InstructorOfTheDead/Content/2DSideScrollerBP/Sprites/Enemy/Boy/Walk/Walk__4__Sprite.uasset" 198
"../../../InstructorOfTheDead/Content/2DSideScrollerBP/Sprites/Enemy/Boy/Walk/Walk__5_.uasset" 199
"../../../InstructorOfTheDead/Content/2DSideScrollerBP/Sprites/Enemy/Boy/Walk/Walk__5__Sprite.uasset" 200
"../../../InstructorOfTheDead/Content/2DSideScrollerBP/Sprites/Enemy/Boy/Walk/Walk__6_.uasset" 201
"../../../InstructorOfTheDead/Content/2DSideScrollerBP/Sprites/Enemy/Boy/Walk/Walk__6__Sprite.uasset" 202
"../../../InstructorOfTheDead/Content/2DSideScrollerBP/Sprites/Enemy/Boy/Walk/Walk__7_.uasset" 203
"../../../InstructorOfTheDead/Content/2DSideScrollerBP/Sprites/Enemy/Boy/Walk/Walk__7__Sprite.uasset" 204
"../../../InstructorOfTheDead/Content/2DSideScrollerBP/Sprites/Enemy/Boy/Walk/Walk__8_.uasset" 205
"../../../InstructorOfTheDead/Content/2DSideScrollerBP/Sprites/Enemy/Boy/Walk/Walk__8__Sprite.uasset" 206
"../../../InstructorOfTheDead/Content/2DSideScrollerBP/Sprites/Enemy/Boy/Walk/Walk__9_.uasset" 207
"../../../InstructorOfTheDead/Content/2DSideScrollerBP/Sprites/Enemy/Boy/Walk/Walk__9__Sprite.uasset" 208
"../../../InstructorOfTheDead/Content/2DSideScrollerBP/Sprites/Enemy/Boy/Walk/Zombie_walk.uasset" 209
"../../../InstructorOfTheDead/Content/StarterContent/Audio/Explosion01.uasset" 210
"../../../InstructorOfTheDead/Content/2DSideScrollerBP/Blueprints/Enemy_blueprints/EnemyZombieSmarter.uasset" 211
"../../../InstructorOfTheDead/Content/2DSideScrollerBP/Blueprints/EnemyHealthbar.uasset" 212
"../../../InstructorOfTheDead/Content/2DSideScrollerBP/Sounds/Char_Sounds/Gethit.uasset" 213
"../../../InstructorOfTheDead/Content/2DSideScrollerBP/Sounds/Char_Sounds/Hurray.uasset" 214
"../../../InstructorOfTheDead/Content/2DSideScrollerBP/Sprites/Enemy/Girl/idle/Idle__10_.uasset" 215
"../../../InstructorOfTheDead/Content/2DSideScrollerBP/Sprites/Enemy/Girl/idle/Idle__10__Sprite.uasset" 216
"../../../InstructorOfTheDead/Content/2DSideScrollerBP/Sprites/Enemy/Girl/idle/Idle__11_.uasset" 217
"../../../InstructorOfTheDead/Content/2DSideScrollerBP/Sprites/Enemy/Girl/idle/Idle__11__Sprite.uasset" 218
"../../../InstructorOfTheDead/Content/2DSideScrollerBP/Sprites/Enemy/Girl/idle/Idle__12_.uasset" 219
"../../../InstructorOfTheDead/Content/2DSideScrollerBP/Sprites/Enemy/Girl/idle/Idle__12__Sprite.uasset" 220
"../../../InstructorOfTheDead/Content/2DSideScrollerBP/Sprites/Enemy/Girl/idle/Idle__13_.uasset" 221
"../../../InstructorOfTheDead/Content/2DSideScrollerBP/Sprites/Enemy/Girl/idle/Idle__13__Sprite.uasset" 222
"../../../InstructorOfTheDead/Content/2DSideScrollerBP/Sprites/Enemy/Girl/idle/Idle__14_.uasset" 223
"../../../InstructorOfTheDead/Content/2DSideScrollerBP/Sprites/Enemy/Girl/idle/Idle__14__Sprite.uasset" 224
"../../../InstructorOfTheDead/Content/2DSideScrollerBP/Sprites/Enemy/Girl/idle/Idle__15_.uasset" 225
"../../../InstructorOfTheDead/Content/2DSideScrollerBP/Sprites/Enemy/Girl/idle/Idle__15__Sprite.uasset" 226
"../../../InstructorOfTheDead/Content/2DSideScrollerBP/Sprites/Enemy/Girl/idle/Idle__1_.uasset" 227
"../../../InstructorOfTheDead/Content/2DSideScrollerBP/Sprites/Enemy/Girl/idle/Idle__1__Sprite.uasset" 228
"../../../InstructorOfTheDead/Content/2DSideScrollerBP/Sprites/Enemy/Girl/idle/Idle__2_.uasset" 229
"../../../InstructorOfTheDead/Content/2DSideScrollerBP/Sprites/Enemy/Girl/idle/Idle__2__Sprite.uasset" 230
"../../../InstructorOfTheDead/Content/2DSideScrollerBP/Sprites/Enemy/Girl/idle/Idle__3_.uasset" 231
"../../../InstructorOfTheDead/Content/2DSideScrollerBP/Sprites/Enemy/Girl/idle/Idle__3__Sprite.uasset" 232
"../../../InstructorOfTheDead/Content/2DSideScrollerBP/Sprites/Enemy/Girl/idle/Idle__4_.uasset" 233
"../../../InstructorOfTheDead/Content/2DSideScrollerBP/Sprites/Enemy/Girl/idle/Idle__4__Sprite.uasset" 234
"../../../InstructorOfTheDead/Content/2DSideScrollerBP/Sprites/Enemy/Girl/idle/Idle__5_.uasset" 235
"../../../InstructorOfTheDead/Content/2DSideScrollerBP/Sprites/Enemy/Girl/idle/Idle__5__Sprite.uasset" 236
"../../../InstructorOfTheDead/Content/2DSideScrollerBP/Sprites/Enemy/Girl/idle/Idle__6_.uasset" 237
"../../../InstructorOfTheDead/Content/2DSideScrollerBP/Sprites/Enemy/Girl/idle/Idle__6__Sprite.uasset" 238
"../../../InstructorOfTheDead/Content/2DSideScrollerBP/Sprites/Enemy/Girl/idle/Idle__7_.uasset" 239
"../../../InstructorOfTheDead/Content/2DSideScrollerBP/Sprites/Enemy/Girl/idle/Idle__7__Sprite.uasset" 240
"../../../InstructorOfTheDead/Content/2DSideScrollerBP/Sprites/Enemy/Girl/idle/Idle__8_.uasset" 241
"../../../InstructorOfTheDead/Content/2DSideScrollerBP/Sprites/Enemy/Girl/idle/Idle__8__Sprite.uasset" 242
"../../../InstructorOfTheDead/Content/2DSideScrollerBP/Sprites/Enemy/Girl/idle/Idle__9_.uasset" 243
"../../../InstructorOfTheDead/Content/2DSideScrollerBP/Sprites/Enemy/Girl/idle/Idle__9__Sprite.uasset" 244
"../../../InstructorOfTheDead/Content/2DSideScrollerBP/Sprites/Enemy/Girl/idle/Zombie_idle_girl.uasset" 245
"../../../InstructorOfTheDead/Content/2DSideScrollerBP/Sprites/Enemy/Girl/Walk/Walk__10_.uasset" 246
"../../../InstructorOfTheDead/Content/2DSideScrollerBP/Sprites/Enemy/Girl/Walk/Walk__10__Sprite.uasset" 247
"../../../InstructorOfTheDead/Content/2DSideScrollerBP/Sprites/Enemy/Girl/Walk/Walk__1_.uasset" 248
"../../../InstructorOfTheDead/Content/2DSideScrollerBP/Sprites/Enemy/Girl/Walk/Walk__1__Sprite.uasset" 249
"../../../InstructorOfTheDead/Content/2DSideScrollerBP/Sprites/Enemy/Girl/Walk/Walk__2_.uasset" 250
"../../../InstructorOfTheDead/Content/2DSideScrollerBP/Sprites/Enemy/Girl/Walk/Walk__2__Sprite.uasset" 251
"../../../InstructorOfTheDead/Content/2DSideScrollerBP/Sprites/Enemy/Girl/Walk/Walk__3_.uasset" 252
"../../../InstructorOfTheDead/Content/2DSideScrollerBP/Sprites/Enemy/Girl/Walk/Walk__3__Sprite.uasset" 253
"../../../InstructorOfTheDead/Content/2DSideScrollerBP/Sprites/Enemy/Girl/Walk/Walk__4_.uasset" 254
"../../../InstructorOfTheDead/Content/2DSideScrollerBP/Sprites/Enemy/Girl/Walk/Walk__4__Sprite.uasset" 255
"../../../InstructorOfTheDead/Content/2DSideScrollerBP/Sprites/Enemy/Girl/Walk/Walk__5_.uasset" 256
"../../../InstructorOfTheDead/Content/2DSideScrollerBP/Sprites/Enemy/Girl/Walk/Walk__5__Sprite.uasset" 257
"../../../InstructorOfTheDead/Content/2DSideScrollerBP/Sprites/Enemy/Girl/Walk/Walk__6_.uasset" 258
"../../../InstructorOfTheDead/Content/2DSideScrollerBP/Sprites/Enemy/Girl/Walk/Walk__6__Sprite.uasset" 259
"../../../InstructorOfTheDead/Content/2DSideScrollerBP/Sprites/Enemy/Girl/Walk/Walk__7_.uasset" 260
"../../../InstructorOfTheDead/Content/2DSideScrollerBP/Sprites/Enemy/Girl/Walk/Walk__7__Sprite.uasset" 261
"../../../InstructorOfTheDead/Content/2DSideScrollerBP/Sprites/Enemy/Girl/Walk/Walk__8_.uasset" 262
"../../../InstructorOfTheDead/Content/2DSideScrollerBP/Sprites/Enemy/Girl/Walk/Walk__8__Sprite.uasset" 263
"../../../InstructorOfTheDead/Content/2DSideScrollerBP/Sprites/Enemy/Girl/Walk/Walk__9_.uasset" 264
"../../../InstructorOfTheDead/Content/2DSideScrollerBP/Sprites/Enemy/Girl/Walk/Walk__9__Sprite.uasset" 265
"../../../InstructorOfTheDead/Content/2DSideScrollerBP/Sprites/Enemy/Girl/Walk/Zombie_walk_girl.uasset" 266
"../../../Engine/Content/EngineMaterials/OrientParticle.uasset" 267
"../../../Engine/Content/EngineMaterials/DefaultParticle.uasset" 268
"../../../InstructorOfTheDead/Content/StarterContent/Particles/Graduation.uasset" 269
"../../../InstructorOfTheDead/Content/2DSideScrollerBP/Blueprints/Enemy_blueprints/EnemyJumper.uasset" 270
"../../../InstructorOfTheDead/Content/2DSideScrollerBP/Blueprints/Enemy_blueprints/Boss.uasset" 271
"../../../InstructorOfTheDead/Content/2DSideScrollerBP/Blueprints/Enemy_blueprints/EnemyJumper-Ahmed.uasset" 272
"../../../InstructorOfTheDead/Content/2DSideScrollerBP/Sprites/Graduation/11.uasset" 273
"../../../InstructorOfTheDead/Content/2DSideScrollerBP/Sprites/Graduation/11_Sprite.uasset" 274
"../../../InstructorOfTheDead/Content/2DSideScrollerBP/Sprites/Graduation/12.uasset" 275
"../../../InstructorOfTheDead/Content/2DSideScrollerBP/Sprites/Graduation/12_Sprite.uasset" 276
"../../../InstructorOfTheDead/Content/2DSideScrollerBP/Sprites/Graduation/13.uasset" 277
"../../../InstructorOfTheDead/Content/2DSideScrollerBP/Sprites/Graduation/13_Sprite.uasset" 278
"../../../InstructorOfTheDead/Content/2DSideScrollerBP/Sprites/Graduation/Anim_Grad.uasset" 279
"../../../InstructorOfTheDead/Content/2DSideScrollerBP/Blueprints/Enemy_blueprints/EnemyJumper-Harkaran.uasset" 280
"../../../InstructorOfTheDead/Content/2DSideScrollerBP/Blueprints/Enemy_blueprints/EnemyCharacter1.uasset" 281
"../../../InstructorOfTheDead/Content/2DSideScrollerBP/Blueprints/Enemy_blueprints/TestCharacter.uasset" 282
"../../../Engine/Content/BasicShapes/BasicShapeMaterial.uasset" 283
"../../../Engine/Content/Functions/Engine_MaterialFunctions01/Opacity/CameraDepthFade.uasset" 284
"../../../Engine/Content/EngineMaterials/T_Default_Material_Grid_M.uasset" 285
"../../../Engine/Content/EngineMaterials/T_Default_Material_Grid_N.uasset" 286
"../../../Engine/Content/EngineMaterials/DefaultMaterial.uasset" 287
"../../../Engine/Content/BasicShapes/Sphere.uasset" 288
"../../../InstructorOfTheDead/Content/2DSideScrollerBP/Blueprints/EnemyProjectile1.uasset" 289
"../../../InstructorOfTheDead/Content/2DSideScrollerBP/Blueprints/Enemy_blueprints/EnemyShoota-Ahmed.uasset" 290
"../../../InstructorOfTheDead/Content/2DSideScrollerBP/Blueprints/Enemy_blueprints/EnemyCharacter-Upd-En-Dmg.uasset" 291
"../../../InstructorOfTheDead/Content/2DSideScrollerBP/Sprites/B0ss/Boss_3d_model/mutant_Skeleton.uasset" 292
"../../../InstructorOfTheDead/Content/2DSideScrollerBP/Sprites/B0ss/Boss_3d_model/Running__1__Anim_mixamo_com.uasset" 293
"../../../InstructorOfTheDead/Content/2DSideScrollerBP/Sprites/B0ss/Boss_3d_model/Mutant_diffuse.uasset" 294
"../../../InstructorOfTheDead/Content/2DSideScrollerBP/Sprites/B0ss/Boss_3d_model/Mutant_normal.uasset" 295
"../../../InstructorOfTheDead/Content/2DSideScrollerBP/Sprites/B0ss/Boss_3d_model/mutant_M.uasset" 296
"../../../InstructorOfTheDead/Content/2DSideScrollerBP/Sprites/B0ss/Boss_3d_model/mutant_PhysicsAsset.uasset" 297
"../../../InstructorOfTheDead/Content/2DSideScrollerBP/Sprites/B0ss/Boss_3d_model/mutant.uasset" 298
"../../../InstructorOfTheDead/Content/2DSideScrollerBP/Blueprints/Enemy_blueprints/BossCharacter.uasset" 299
"../../../InstructorOfTheDead/Content/2DSideScrollerBP/Blueprints/Enemy_blueprints/EnemyCharacter1_healthbar.uasset" 300
"../../../InstructorOfTheDead/Content/2DSideScrollerBP/Blueprints/Enemy_blueprints/EnemyZombie.uasset" 301
"../../../InstructorOfTheDead/Content/2DSideScrollerBP/Sprites/Enemy/Enemy_shoota/warzombie_f_pedroso_Skeleton.uasset" 302
"../../../InstructorOfTheDead/Content/2DSideScrollerBP/Sprites/Enemy/Enemy_shoota/Running__4__Anim_mixamo_com.uasset" 303
"../../../InstructorOfTheDead/Content/2DSideScrollerBP/Sprites/Enemy/Enemy_shoota/world_war_zombie_diffuse.uasset" 304
"../../../InstructorOfTheDead/Content/2DSideScrollerBP/Sprites/Enemy/Enemy_shoota/world_war_zombie_normal.uasset" 305
"../../../InstructorOfTheDead/Content/2DSideScrollerBP/Sprites/Enemy/Enemy_shoota/world_war_zombie_specular.uasset" 306
"../../../InstructorOfTheDead/Content/2DSideScrollerBP/Sprites/Enemy/Enemy_shoota/WorldWar_zombie_material.uasset" 307
"../../../InstructorOfTheDead/Content/2DSideScrollerBP/Sprites/Enemy/Enemy_shoota/warzombie_f_pedroso_PhysicsAsset.uasset" 308
"../../../InstructorOfTheDead/Content/2DSideScrollerBP/Sprites/Enemy/Enemy_shoota/warzombie_f_pedroso.uasset" 309
"../../../InstructorOfTheDead/Content/2DSideScrollerBP/Blueprints/Enemy_blueprints/level_2/EnemyCreeper.uasset" 310
"../../../InstructorOfTheDead/Content/2DSideScrollerBP/Blueprints/Enemy_blueprints/Boss_level/EnemyZombieSmarter.uasset" 311
"../../../InstructorOfTheDead/Content/StarterContent/Textures/T_Ground_Gravel_D.uasset" 312
"../../../InstructorOfTheDead/Content/StarterContent/Textures/T_Ground_Gravel_N.uasset" 313
"../../../InstructorOfTheDead/Content/StarterContent/Textures/T_MacroVariation.uasset" 314
"../../../InstructorOfTheDead/Content/StarterContent/Textures/T_Perlin_Noise_M.uasset" 315
"../../../InstructorOfTheDead/Content/StarterContent/Materials/M_Ground_Gravel.uasset" 316
"../../../Engine/Content/EngineMaterials/WorldGridMaterial.uasset" 317
"../../../Engine/Content/BasicShapes/Cube.uasset" 318
"../../../InstructorOfTheDead/Content/2DSideScrollerBP/Blueprints/Platforms/PlatformElevatorTallDown.uasset" 319
"../../../InstructorOfTheDead/Content/2DSideScrollerBP/Blueprints/Platforms/PlatformElevatorMedium.uasset" 320
"../../../InstructorOfTheDead/Content/2DSideScrollerBP/Blueprints/main_char/2DSideScrollerCharacter-H.uasset" 321
"../../../InstructorOfTheDead/Content/2DSideScrollerBP/Sounds/Shoot_Sound/THROWING.uasset" 322
"../../../InstructorOfTheDead/Content/2DSideScrollerBP/Sprites/Enemy/Zombie_walk.uasset" 323
"../../../InstructorOfTheDead/Content/2DSideScrollerBP/Sprites/Enemy/EnemyCreeper/jill_Skeleton.uasset" 324
"../../../InstructorOfTheDead/Content/2DSideScrollerBP/Sprites/Enemy/EnemyCreeper/Jump_Anim_Take_001.uasset" 325
"../../../InstructorOfTheDead/Content/2DSideScrollerBP/Sprites/Enemy/EnemyCreeper/Samba_Dancing_Anim_mixamo_com.uasset" 326
"../../../InstructorOfTheDead/Content/2DSideScrollerBP/Sprites/Enemy/EnemyCreeper/jill_Anim_mixamo_com.uasset" 327
"../../../InstructorOfTheDead/Content/2DSideScrollerBP/Sprites/Enemy/EnemyCreeper/jill_Anim_Take_001.uasset" 328
"../../../InstructorOfTheDead/Content/2DSideScrollerBP/Sprites/Enemy/EnemyCreeper/Samba_Dancing_Anim_Take_001.uasset" 329
"../../../InstructorOfTheDead/Content/2DSideScrollerBP/Sprites/Enemy/Boy/Walk__10_.uasset" 330
"../../../InstructorOfTheDead/Content/2DSideScrollerBP/Sprites/Enemy/Boy/Walk__10__Sprite.uasset" 331
"../../../InstructorOfTheDead/Content/2DSideScrollerBP/Sprites/Enemy/Boy/Walk__1_.uasset" 332
"../../../InstructorOfTheDead/Content/2DSideScrollerBP/Sprites/Enemy/Boy/Walk__1__Sprite.uasset" 333
"../../../InstructorOfTheDead/Content/2DSideScrollerBP/Sprites/Enemy/Boy/Walk__2_.uasset" 334
"../../../InstructorOfTheDead/Content/2DSideScrollerBP/Sprites/Enemy/Boy/Walk__2__Sprite.uasset" 335
"../../../InstructorOfTheDead/Content/2DSideScrollerBP/Sprites/Enemy/Boy/Walk__3_.uasset" 336
"../../../InstructorOfTheDead/Content/2DSideScrollerBP/Sprites/Enemy/Boy/Walk__3__Sprite.uasset" 337
"../../../InstructorOfTheDead/Content/2DSideScrollerBP/Sprites/Enemy/Boy/Walk__4_.uasset" 338
"../../../InstructorOfTheDead/Content/2DSideScrollerBP/Sprites/Enemy/Boy/Walk__4__Sprite.uasset" 339
"../../../InstructorOfTheDead/Content/2DSideScrollerBP/Sprites/Enemy/Boy/Walk__5_.uasset" 340
"../../../InstructorOfTheDead/Content/2DSideScrollerBP/Sprites/Enemy/Boy/Walk__5__Sprite.uasset" 341
"../../../InstructorOfTheDead/Content/2DSideScrollerBP/Sprites/Enemy/Boy/Walk__6_.uasset" 342
"../../../InstructorOfTheDead/Content/2DSideScrollerBP/Sprites/Enemy/Boy/Walk__6__Sprite.uasset" 343
"../../../InstructorOfTheDead/Content/2DSideScrollerBP/Sprites/Enemy/Boy/Walk__7_.uasset" 344
"../../../InstructorOfTheDead/Content/2DSideScrollerBP/Sprites/Enemy/Boy/Walk__7__Sprite.uasset" 345
"../../../InstructorOfTheDead/Content/2DSideScrollerBP/Sprites/Enemy/Boy/Walk__8_.uasset" 346
"../../../InstructorOfTheDead/Content/2DSideScrollerBP/Sprites/Enemy/Boy/Walk__8__Sprite.uasset" 347
"../../../InstructorOfTheDead/Content/2DSideScrollerBP/Sprites/Enemy/Boy/Walk__9_.uasset" 348
"../../../InstructorOfTheDead/Content/2DSideScrollerBP/Sprites/Enemy/Boy/Walk__9__Sprite.uasset" 349
"../../../InstructorOfTheDead/Content/2DSideScrollerBP/Sprites/Enemy/Boy/Zombie_walk.uasset" 350
"../../../InstructorOfTheDead/Content/2DSideScrollerBP/Sprites/Enemy/Boy/Idle/Zombie_idleIdle.uasset" 351
"../../../InstructorOfTheDead/Content/2DSideScrollerBP/Sprites/Enemy/Boy/Idle/Zombie_idleI.uasset" 352
"../../../InstructorOfTheDead/Content/2DSideScrollerBP/Sprites/Enemy/Emeny_jumper/mremireh_o_desbiens_Skeleton.uasset" 353
"../../../InstructorOfTheDead/Content/2DSideScrollerBP/Sprites/Enemy/Emeny_jumper/mremireh_o_desbiens_Anim_Take_001.uasset" 354
"../../../InstructorOfTheDead/Content/2DSideScrollerBP/Sprites/Enemy/Emeny_jumper/Running__2__Anim_Take_001.uasset" 355
"../../../InstructorOfTheDead/Content/2DSideScrollerBP/Sprites/Enemy/Emeny_jumper/mremireh_o_desbiens_Anim_mixamo_com.uasset" 356
"../../../InstructorOfTheDead/Content/2DSideScrollerBP/Sprites/Enemy/EnemySmarter/zombie_Skeleton.uasset" 357
"../../../InstructorOfTheDead/Content/2DSideScrollerBP/Sprites/Enemy/EnemySmarter/zombie_Anim.uasset" 358
"../../../InstructorOfTheDead/Content/2DSideScrollerBP/Sprites/Enemy/EnemySmarter/Run_zombie_Anim.uasset" 359
"../../../InstructorOfTheDead/Content/2DSideScrollerBP/Sprites/Enemy/EnemySmarter/Running_Crawl_Anim.uasset" 360
"../../../InstructorOfTheDead/Content/2DSideScrollerBP/Sprites/Enemy/Enemy_shoota/warzombie_f_pedroso_Anim_mixamo_com.uasset" 361
"../../../InstructorOfTheDead/Content/2DSideScrollerBP/Sprites/Enemy/Enemy_shoota/warzombie_f_pedroso_Anim_Take_001.uasset" 362
"../../../InstructorOfTheDead/Content/2DSideScrollerBP/Sprites/Enemy/Enemy_shoota/Running__4__Anim_Take_001.uasset" 363
"../../../InstructorOfTheDead/Content/2DSideScrollerBP/Sprites/Enemy/EnemyCharacter/girlscout_t_masuyama_Skeleton.uasset" 364
"../../../InstructorOfTheDead/Content/2DSideScrollerBP/Sprites/Enemy/EnemyCharacter/girlscout_t_masuyama_Anim_mixamo_com.uasset" 365
"../../../InstructorOfTheDead/Content/2DSideScrollerBP/Sprites/Enemy/EnemyCharacter/girlscout_t_masuyama_Anim_Take_001.uasset" 366
"../../../InstructorOfTheDead/Content/2DSideScrollerBP/Sprites/Enemy/EnemyCharacter/Run_Forward_Anim_Take_001.uasset" 367
"../../../InstructorOfTheDead/Content/2DSideScrollerBP/Sprites/Enemy/EnemyCharacter/zombiegirl_w_kurniawan.uasset" 368
"../../../InstructorOfTheDead/Content/2DSideScrollerBP/Sprites/B0ss/test_boss.uasset" 369
"../../../InstructorOfTheDead/Content/2DSideScrollerBP/Sprites/B0ss/Idle_Skeleton.uasset" 370
"../../../InstructorOfTheDead/Content/2DSideScrollerBP/Sprites/B0ss/Idle_Anim_mixamo_com.uasset" 371
"../../../InstructorOfTheDead/Content/2DSideScrollerBP/Sprites/B0ss/Running.uasset" 372
"../../../InstructorOfTheDead/Content/2DSideScrollerBP/Sprites/B0ss/Idle_Anim_Take_001.uasset" 373
"../../../InstructorOfTheDead/Content/2DSideScrollerBP/Sprites/B0ss/test/mutant_Skeleton.uasset" 374
"../../../InstructorOfTheDead/Content/2DSideScrollerBP/Sprites/B0ss/test/Running__1__Anim_Take_001.uasset" 375
"../../../InstructorOfTheDead/Content/2DSideScrollerBP/Sprites/B0ss/test/Running__1__Anim_mixamo_com.uasset" 376
"../../../InstructorOfTheDead/Content/2DSideScrollerBP/Sprites/B0ss/test/mutant_Anim.uasset" 377
"../../../InstructorOfTheDead/Content/2DSideScrollerBP/Sprites/B0ss/Boss_3d_model/Running__1__Anim_Take_001.uasset" 378
"../../../InstructorOfTheDead/Content/2DSideScrollerBP/Sprites/B0ss/Boss_3d_model/mutant_Anim.uasset" 379
"../../../InstructorOfTheDead/Content/2DSideScrollerBP/Sprites/char3/1_Sprite_2.uasset" 380
"../../../InstructorOfTheDead/Content/2DSideScrollerBP/Sprites/char3/1_Sprite_4.uasset" 381
"../../../InstructorOfTheDead/Content/2DSideScrollerBP/Sprites/char3/1_Sprite_6.uasset" 382
"../../../InstructorOfTheDead/Content/2DSideScrollerBP/Sprites/char3/1_Sprite_3.uasset" 383
"../../../InstructorOfTheDead/Content/2DSideScrollerBP/Sprites/char3/1_Sprite_1.uasset" 384
"../../../InstructorOfTheDead/Content/2DSideScrollerBP/Sprites/Char2/idle2e_Sprite.uasset" 385
"../../../InstructorOfTheDead/Content/2DSideScrollerBP/Sprites/Char2/liu_face_sprite_Sprite.uasset" 386
"../../../InstructorOfTheDead/Content/2DSideScrollerBP/Sprites/Char2/_idle_animation.uasset" 387
"../../../InstructorOfTheDead/Content/2DSideScrollerBP/Sprites/Char2/JUMP/1.uasset" 388
"../../../InstructorOfTheDead/Content/2DSideScrollerBP/Sprites/Char2/JUMP/1_Sprite.uasset" 389
"../../../InstructorOfTheDead/Content/2DSideScrollerBP/Sprites/Char2/JUMP/19.uasset" 390
"../../../InstructorOfTheDead/Content/2DSideScrollerBP/Sprites/Char2/JUMP/19_Sprite.uasset" 391
"../../../InstructorOfTheDead/Content/2DSideScrollerBP/Sprites/Char2/JUMP/0.uasset" 392
"../../../InstructorOfTheDead/Content/2DSideScrollerBP/Sprites/Char2/JUMP/0_Sprite.uasset" 393
"../../../InstructorOfTheDead/Content/2DSideScrollerBP/Sprites/Assets/Intro1.uasset" 394
"../../../InstructorOfTheDead/Content/2DSideScrollerBP/Sprites/Assets/Intro1SB.uasset" 395
"../../../InstructorOfTheDead/Content/2DSideScrollerBP/Sprites/Assets/Intro4.uasset" 396
"../../../InstructorOfTheDead/Content/2DSideScrollerBP/Sprites/Assets/IMG_7778_web_2.uasset" 397
"../../../InstructorOfTheDead/Content/2DSideScrollerBP/Sprites/Assets/liu2.uasset" 398
"../../../InstructorOfTheDead/Content/2DSideScrollerBP/Sprites/Assets/IMG_7778_web.uasset" 399
"../../../InstructorOfTheDead/Content/2DSideScrollerBP/Sprites/Assets/IMG_7778_web_Sprite.uasset" 400
"../../../InstructorOfTheDead/Content/2DSideScrollerBP/Sprites/Assets/Intro3.uasset" 401
"../../../InstructorOfTheDead/Content/2DSideScrollerBP/Sprites/Assets/Intro2.uasset" 402
"../../../InstructorOfTheDead/Content/2DSideScrollerBP/Sprites/Assets/Intro1SB2.uasset" 403
"../../../InstructorOfTheDead/Content/2DSideScrollerBP/Sprites/Assets/NewSlateBrushAsset.uasset" 404
"../../../InstructorOfTheDead/Content/2DSideScrollerBP/Sprites/Assets/Intro2SB.uasset" 405
"../../../InstructorOfTheDead/Content/2DSideScrollerBP/Sprites/Assets/Intro1SB_2.uasset" 406
"../../../InstructorOfTheDead/Content/InstructorOfTheDead/Assets/DummyEnemy.uasset" 407
"../../../InstructorOfTheDead/Content/InstructorOfTheDead/Assets/DummyActor.uasset" 408
"../../../InstructorOfTheDead/Content/InstructorOfTheDead/Assets/DummyMat.uasset" 409
"../../../InstructorOfTheDead/Content/InstructorOfTheDead/Assets/TestFolder/actor.uasset" 410
"../../../InstructorOfTheDead/Content/2DSideScroller/Textures/2DBackgroundTile.uasset" 411
"../../../InstructorOfTheDead/Content/2DSideScroller/Materials/PrototypingSpriteMaterial.uasset" 412
"../../../InstructorOfTheDead/Content/2DSideScroller/Sprites/PrototypingSprite.uasset" 413
"../../../Engine/Plugins/2D/Paper2D/Content/OpaqueUnlitSpriteMaterial.uasset" 414
"../../../InstructorOfTheDead/Content/2DSideScroller/Textures/2DBackground.uasset" 415
"../../../InstructorOfTheDead/Content/2DSideScroller/Sprites/Background_Sprite.uasset" 416
"../../../InstructorOfTheDead/Content/StarterContent/Textures/T_Water_N.uasset" 417
"../../../InstructorOfTheDead/Content/StarterContent/Materials/M_Water_Lake.uasset" 418
"../../../InstructorOfTheDead/Content/Meshes/StaticMesh.uasset" 419
"../../../Engine/Content/EditorMeshes/ColorCalibrator/T_ColorGrid.uasset" 420
"../../../InstructorOfTheDead/Content/StarterContent/Materials/M_ColorGrid_LowSpec.uasset" 421
"../../../InstructorOfTheDead/Content/StarterContent/Audio/Explosion_Cue.uasset" 422
"../../../InstructorOfTheDead/Content/StarterContent/Blueprints/Blueprint_Effect_Explosion.uasset" 423
"../../../InstructorOfTheDead/Content/StarterContent/Materials/M_Glass.uasset" 424
"../../../InstructorOfTheDead/Content/StarterContent/Textures/T_Door_M.uasset" 425
"../../../InstructorOfTheDead/Content/StarterContent/Textures/T_Door_N.uasset" 426
"../../../InstructorOfTheDead/Content/StarterContent/Props/Materials/M_Door.uasset" 427
"../../../InstructorOfTheDead/Content/StarterContent/Props/SM_Door.uasset" 428
"../../../InstructorOfTheDead/Content/StarterContent/Props/Materials/M_MaterialSphere.uasset" 429
"../../../InstructorOfTheDead/Content/StarterContent/Props/Materials/M_MaterialSphere_Plain.uasset" 430
"../../../InstructorOfTheDead/Content/StarterContent/Props/SM_MatPreviewMesh_02.uasset" 431
"../../../InstructorOfTheDead/Content/StarterContent/Textures/T_Chair_M.uasset" 432
"../../../InstructorOfTheDead/Content/StarterContent/Textures/T_Chair_N.uasset" 433
"../../../InstructorOfTheDead/Content/StarterContent/Props/Materials/M_Chair.uasset" 434
"../../../InstructorOfTheDead/Content/StarterContent/Props/SM_Couch.uasset" 435
"../../../InstructorOfTheDead/Content/StarterContent/Textures/T_Shelf_M.uasset" 436
"../../../InstructorOfTheDead/Content/StarterContent/Textures/T_Shelf_N.uasset" 437
"../../../InstructorOfTheDead/Content/StarterContent/Props/Materials/M_Shelf.uasset" 438
"../../../InstructorOfTheDead/Content/StarterContent/Props/SM_Shelf.uasset" 439
"../../../Engine/Content/Functions/Engine_MaterialFunctions02/Utility/BlendAngleCorrectedNormals.uasset" 440
"../../../InstructorOfTheDead/Content/StarterContent/Textures/T_Detail_Rocky_N.uasset" 441
"../../../InstructorOfTheDead/Content/StarterContent/Textures/T_Rock_Basalt_D.uasset" 442
"../../../InstructorOfTheDead/Content/StarterContent/Textures/T_RockMesh_M.uasset" 443
"../../../InstructorOfTheDead/Content/StarterContent/Textures/T_RockMesh_N.uasset" 444
"../../../InstructorOfTheDead/Content/StarterContent/Props/Materials/M_Rock.uasset" 445
"../../../InstructorOfTheDead/Content/StarterContent/Props/SM_Rock.uasset" 446
"../../../InstructorOfTheDead/Content/StarterContent/Materials/M_Basic_Floor.uasset" 447
"../../../InstructorOfTheDead/Content/StarterContent/Props/SM_Stairs.uasset" 448
"../../../InstructorOfTheDead/Content/StarterContent/Textures/T_Bush_D.uasset" 449
"../../../InstructorOfTheDead/Content/StarterContent/Textures/T_Bush_N.uasset" 450
"../../../InstructorOfTheDead/Content/StarterContent/Props/Materials/M_Bush.uasset" 451
"../../../InstructorOfTheDead/Content/StarterContent/Props/SM_Bush.uasset" 452
"../../../InstructorOfTheDead/Content/StarterContent/Shapes/Shape_Wedge_A.uasset" 453
"../../../InstructorOfTheDead/Content/StarterContent/Shapes/Shape_WideCapsule.uasset" 454
"../../../InstructorOfTheDead/Content/StarterContent/Shapes/Shape_Tube.uasset" 455
"../../../InstructorOfTheDead/Content/StarterContent/Shapes/Shape_TriPyramid.uasset" 456
"../../../InstructorOfTheDead/Content/StarterContent/Shapes/Shape_Trim.uasset" 457
"../../../InstructorOfTheDead/Content/StarterContent/Shapes/Shape_Trim_90_Out.uasset" 458
"../../../InstructorOfTheDead/Content/StarterContent/Shapes/Shape_Pipe_90.uasset" 459
"../../../InstructorOfTheDead/Content/StarterContent/Shapes/Shape_Pipe_180.uasset" 460
"../../../InstructorOfTheDead/Content/StarterContent/Shapes/Shape_Pipe.uasset" 461
"../../../InstructorOfTheDead/Content/StarterContent/Shapes/Shape_Cone.uasset" 462
"../../../InstructorOfTheDead/Content/StarterContent/Shapes/Shape_Wedge_B.uasset" 463
"../../../InstructorOfTheDead/Content/StarterContent/Shapes/Shape_NarrowCapsule.uasset" 464
"../../../InstructorOfTheDead/Content/StarterContent/Shapes/Shape_Trim_90_In.uasset" 465
"../../../InstructorOfTheDead/Content/StarterContent/Architecture/Wall_Door_400x400.uasset" 466
"../../../InstructorOfTheDead/Content/StarterContent/Architecture/Wall_400x400.uasset" 467
"../../../InstructorOfTheDead/Content/StarterContent/Architecture/Wall_500x500.uasset" 468
"../../../InstructorOfTheDead/Content/StarterContent/Architecture/Pillar_50x500.uasset" 469
"../../../InstructorOfTheDead/Content/StarterContent/Architecture/Wall_400x300.uasset" 470
"../../../InstructorOfTheDead/Content/StarterContent/Architecture/Wall_Window_400x400.uasset" 471
"../../../InstructorOfTheDead/Content/StarterContent/Audio/Light02_Cue.uasset" 472
"../../../InstructorOfTheDead/Content/StarterContent/Audio/Light01_Cue.uasset" 473
"../../../Engine/Content/Maps/Templates/Thumbnails/Default.uasset" 474
"../../../Engine/Content/Maps/Templates/Thumbnails/VR-Basic.uasset" 475
"../../../Engine/Content/MobileResources/T_MobileControls_texture.uasset" 476
"../../../Engine/Content/MobileResources/T_MobileMenu2.uasset" 477
"../../../Engine/Content/MobileResources/HUD/MobileHUDDirectionPad3.uasset" 478
"../../../Engine/Content/MobileResources/HUD/MobileHUDButton2_off.uasset" 479
"../../../Engine/Content/MobileResources/HUD/MobileHUDButton3.uasset" 480
"../../../Engine/Content/MobileResources/HUD/T_Castle_ThumbstickInner.uasset" 481
"../../../Engine/Content/MobileResources/HUD/MobileHUDDirectionStick.uasset" 482
"../../../Engine/Content/MobileResources/HUD/VirtualJoystick_Background.uasset" 483
"../../../Engine/Content/MobileResources/HUD/VirtualJoystick_Thumb.uasset" 484
"../../../Engine/Content/MobileResources/HUD/DefaultVirtualJoysticks.uasset" 485
"../../../Engine/Content/MobileResources/HUD/T_Castle_ThumbstickOutter.uasset" 486
"../../../Engine/Content/MobileResources/HUD/MobileHUDButton2_on.uasset" 487
"../../../Engine/Content/MobileResources/HUD/MobileHUDDirectionPad2.uasset" 488
"../../../Engine/Content/MobileResources/HUD/MobileHUDDirectionPad.uasset" 489
"../../../Engine/Content/MobileResources/HUD/AnalogHat.uasset" 490
"../../../Engine/Content/MobileResources/HUD/MobileHUDButton1_on.uasset" 491
"../../../Engine/Content/MobileResources/HUD/MobileHUDButtonFire.uasset" 492
"../../../Engine/Content/MobileResources/HUD/LeftVirtualJoystickOnly.uasset" 493
"../../../Engine/Content/MobileResources/HUD/MobileHUDButton1_off.uasset" 494
"../../../Engine/Content/Tutorial/ContentIntroCurve.uasset" 495
"../../../Engine/Content/Tutorial/Basics/TutorialAssets/icon_tab_Levels_40x.uasset" 496
"../../../Engine/Content/EditorMeshes/EditorCube.uasset" 497
"../../../Engine/Content/Tutorial/SubEditors/TutorialAssets/Tutorial_DM.uasset" 498
"../../../Engine/Content/Tutorial/SubEditors/TutorialAssets/icon_ShowSkeletalMeshes_40x.uasset" 499
"../../../Engine/Content/Tutorial/SubEditors/TutorialAssets/icon_Editor_Preferences_General_40x.uasset" 500
"../../../Engine/Content/Tutorial/SubEditors/TutorialAssets/TutorialMaterial.uasset" 501
"../../../Engine/Content/Tutorial/SubEditors/TutorialAssets/T_SmokeSubUV_8X8.uasset" 502
"../../../Engine/Content/Tutorial/SubEditors/TutorialAssets/T_soft_smoke.uasset" 503
"../../../Engine/Content/Tutorial/SubEditors/TutorialAssets/M_smoke_subUV_blackbody.uasset" 504
"../../../Engine/Content/Tutorial/SubEditors/TutorialAssets/TutorialParticleSystem.uasset" 505
"../../../Engine/Content/Tutorial/Paper2D/TutorialAssets/Paper2DFlipbook_TutorialIcon.uasset" 506
"../../../Engine/Content/Tutorial/Paper2D/TutorialAssets/Paper2DSprite_TutorialIcon.uasset" 507
"../../../Engine/Content/Tutorial/BlueprintTutorials/TutorialAssets/BlueprintMacroLibrary_64x.uasset" 508
"../../../Engine/Content/Tutorial/BlueprintTutorials/TutorialAssets/Blueprint_64x.uasset" 509
"../../../Engine/Content/Tutorial/BlueprintTutorials/TutorialAssets/BlueprintInterface_64x.uasset" 510
"../../../Engine/Content/Tutorial/BlueprintTutorials/TutorialAssets/Tutorial_BP_Interface.uasset" 511
"../../../Engine/Content/Tutorial/Foliage/TutorialAssets/Foliage.uasset" 512
"../../../Engine/Content/Tutorial/Landscape/TutorialAssets/Landscape.uasset" 513
"../../../Engine/Content/EngineResources/DefaultTextureCube.uasset" 514
"../../../Engine/Content/EngineResources/DefaultTexture.uasset" 515
"../../../Engine/Content/EngineResources/Black.uasset" 516
"../../../Engine/Content/EngineResources/GradientTexture0.uasset" 517
"../../../Engine/Content/EditorLandscapeResources/DataLayer.uasset" 518
"../../../Engine/Content/EditorSounds/Notifications/CompileSuccess.uasset" 519
"../../../Engine/Content/EditorSounds/Notifications/CompileSuccess_Cue.uasset" 520
"../../../Engine/Content/EditorSounds/Notifications/CompileFailed.uasset" 521
"../../../Engine/Content/EditorSounds/Notifications/CompileFailed_Cue.uasset" 522
"../../../Engine/Content/EditorSounds/Notifications/CompileStart_Cue.uasset" 523
"../../../Engine/Content/EditorMaterials/Camera/CineMat.uasset" 524
"../../../Engine/Content/EditorMaterials/Camera/MI_CineMat_Rig.uasset" 525
"../../../Engine/Content/EditorMeshes/Camera/SM_CraneRig_Body.uasset" 526
"../../../Engine/Content/EditorMeshes/Camera/SM_RailRig_Mount.uasset" 527
"../../../Engine/Content/EditorMeshes/Camera/SM_CraneRig_Base.uasset" 528
"../../../Engine/Content/EditorMeshes/Camera/SM_CraneRig_Mount.uasset" 529
"../../../Engine/Content/EditorMeshes/Camera/SM_CraneRig_Arm.uasset" 530
"../../../Engine/Content/EditorMeshes/Camera/SM_RailRig_Track.uasset" 531
"../../../Engine/Content/EngineFonts/Faces/RobotoTiny.uasset" 532
"../../../Engine/Content/EngineFonts/RobotoTiny.uasset" 533
"../../../Engine/Content/EngineFonts/Faces/RobotoBold.uasset" 534
"../../../Engine/Content/EngineFonts/Faces/RobotoBoldItalic.uasset" 535
"../../../Engine/Content/EngineFonts/Faces/RobotoItalic.uasset" 536
"../../../Engine/Content/EngineFonts/Faces/RobotoLight.uasset" 537
"../../../Engine/Content/EngineFonts/Faces/RobotoRegular.uasset" 538
"../../../Engine/Content/EngineFonts/Roboto.uasset" 539
"../../../Engine/Content/EngineDamageTypes/DmgTypeBP_Environmental.uasset" 540
"../../../Engine/Content/EngineResources/WhiteSquareTexture.uasset" 541
"../../../Engine/Content/EngineMaterials/Widget3DPassThrough.uasset" 542
"../../../Engine/Content/EngineMaterials/Widget3DPassThrough_Masked.uasset" 543
"../../../Engine/Content/EngineMaterials/WeightMapPlaceholderTexture.uasset" 544
"../../../Engine/Content/EngineMaterials/Widget3DPassThrough_Translucent.uasset" 545
"../../../Engine/Content/EngineMaterials/Widget3DPassThrough_Translucent_OneSided.uasset" 546
"../../../Engine/Content/EngineMaterials/EditorBrushMaterial.uasset" 547
"../../../Engine/Content/EngineMaterials/PhAT_JointLimitMaterial.uasset" 548
"../../../Engine/Content/EngineMaterials/Widget3DPassThrough_Opaque.uasset" 549
"../../../Engine/Content/EngineMaterials/Widget3DPassThrough_Masked_OneSided.uasset" 550
"../../../Engine/Content/EngineMaterials/Good64x64TilingNoiseHighFreq.uasset" 551
"../../../Engine/Content/EngineMaterials/DefaultBloomKernel.uasset" 552
"../../../Engine/Content/EngineMaterials/RemoveSurfaceMaterial.uasset" 553
"../../../Engine/Content/EngineMaterials/DefaultDiffuse.uasset" 554
"../../../Engine/Content/EngineMaterials/DefaultDeferredDecalMaterial.uasset" 555
"../../../Engine/Content/EngineMaterials/DefaultPostProcessMaterial.uasset" 556
"../../../Engine/Content/EngineMaterials/DefaultPhysicalMaterial.uasset" 557
"../../../Engine/Content/EngineMaterials/InvalidLightmapSettings.uasset" 558
"../../../Engine/Content/EngineMaterials/M_InvalidLightmapSettings.uasset" 559
"../../../Engine/Content/EngineFonts/RobotoDistanceField.uasset" 560
"../../../Engine/Content/EngineMaterials/DefaultTextMaterialOpaque.uasset" 561
"../../../Engine/Content/EngineMaterials/PreintegratedSkinBRDF.uasset" 562
"../../../Engine/Content/EngineMaterials/Widget3DPassThrough_Opaque_OneSided.uasset" 563
"../../../Engine/Content/EngineMaterials/DefaultBokeh.uasset" 564
"../../../Engine/Content/EngineMaterials/DefaultLightFunctionMaterial.uasset" 565
"../../../Engine/Content/EngineMaterials/MiniFont.uasset" 566
"../../../Engine/Content/EngineMaterials/DefaultWhiteGrid.uasset" 567
"../../../Engine/Content/EngineDebugMaterials/DebugEditorMaterial.uasset" 568
"../../../Engine/Content/EngineDebugMaterials/GeomMaterial.uasset" 569
"../../../Engine/Content/EngineDebugMaterials/HeatmapGradient.uasset" 570
"../../../Engine/Content/EngineDebugMaterials/BoneWeightMaterial.uasset" 571
"../../../Engine/Content/EngineDebugMaterials/ClothMaterial.uasset" 572
"../../../Engine/Content/EngineDebugMaterials/ClothMaterial_WF.uasset" 573
"../../../Engine/Content/EngineDebugMaterials/DebugMeshMaterial.uasset" 574
"../../../Engine/Content/EditorResources/S_Trigger.uasset" 575
"../../../Engine/Content/EditorResources/S_Actor.uasset" 576
"../../../Engine/Content/EditorResources/EmptyActor.uasset" 577
"../../../Engine/Content/EditorResources/BSPVertex.uasset" 578
"../../../Engine/Content/EditorResources/AudioIcons/S_AudioComponent_AutoActivate.uasset" 579
"../../../Engine/Content/EditorResources/AudioIcons/S_AudioComponent.uasset" 580
"../../../Engine/Content/EditorResources/LightIcons/S_LightError.uasset" 581
"../../../Engine/Content/BasicShapes/Cone.uasset" 582
"../../../Engine/Content/BasicShapes/Cylinder.uasset" 583
"../../../Engine/Content/Functions/Engine_MaterialFunctions01/Shading/ConvertFromDiffSpec.uasset" 584
"../../../Engine/Content/Functions/Engine_MaterialFunctions01/Shading/PowerToRoughness.uasset" 585
"../../../Engine/Content/EditorMaterials/PreviewShadowIndicator.uasset" 586
"../../../Engine/Content/EditorMaterials/PreviewShadowIndicatorMaterial.uasset" 587
"../../../Engine/Content/EditorMaterials/GizmoMaterial.uasset" 588
"../../../Engine/Content/EditorMaterials/MAT_Groups_Toggle.uasset" 589
"../../../Engine/Content/EditorMaterials/MAT_Groups_Visibility.uasset" 590
"../../../Engine/Content/EditorMaterials/AssetViewer/EpicQuadPanorama_CC+EV1.uasset" 591
"../../../Engine/Content/EditorMaterials/ParticleSystems/PSysThumbnail_NoImage.uasset" 592
"../../../Engine/Content/EditorMaterials/ParticleSystems/PSysThumbnail_OOD.uasset" 593
"../../../Engine/Content/EditorMaterials/MatineeGroups/MAT_Groups_Vector.uasset" 594
"../../../Engine/Content/EditorMaterials/MatineeGroups/MAT_ColorTrack.uasset" 595
"../../../Engine/Content/EditorMaterials/MatineeGroups/MAT_Groups_AudioMaster.uasset" 596
"../../../Engine/Content/EditorMaterials/MatineeGroups/MAT_Groups_Sound.uasset" 597
"../../../Engine/Content/EditorMaterials/MatineeGroups/MAT_Groups_Float.uasset" 598
"../../../Engine/Content/EditorMaterials/MatineeGroups/MAT_Groups_Director.uasset" 599
"../../../Engine/Content/EditorMaterials/MatineeGroups/MAT_Groups_Move.uasset" 600
"../../../Engine/Content/EditorMaterials/MatineeGroups/MAT_Groups_Event.uasset" 601
"../../../Engine/Content/EditorMaterials/MatineeGroups/MAT_Groups_Fade.uasset" 602
"../../../Engine/Content/EditorMaterials/MatineeGroups/MAT_Groups_Anim.uasset" 603
"../../../Engine/Content/EditorMaterials/MatineeGroups/MAT_Groups_Slomo.uasset" 604
"../../../Engine/Content/EngineSounds/Master.uasset" 605
"../../../Engine/Content/EngineMeshes/Cube.uasset" 606
"../../../Engine/Content/EngineMeshes/Cylinder.uasset" 607
"../../../Engine/Content/EngineMeshes/Sphere.uasset" 608
"../../../Engine/Content/VREditor/UI/KeyDiskMaterial.uasset" 609
"../../../Engine/Content/VREditor/UI/DiscMaterial.uasset" 610
"../../../Engine/Content/VREditor/UI/SM_Radial_Disk.uasset" 611
"../../../Engine/Content/VREditor/FloatingText/LineMaterial.uasset" 612
"../../../Engine/Content/VREditor/FloatingText/JointSphere.uasset" 613
"../../../Engine/Content/VREditor/FloatingText/LineSegmentCylinder.uasset" 614
"../../../Engine/Content/Functions/Engine_MaterialFunctions02/Utility/BreakOutFloat3Components.uasset" 615
"../../../Engine/Content/Functions/Engine_MaterialFunctions02/Math/Transform3x3Matrix.uasset" 616
"../../../Engine/Content/Functions/Engine_MaterialFunctions02/SplitComponents.uasset" 617
"../../../Engine/Content/Functions/Engine_MaterialFunctions02/Utility/MakeFloat3.uasset" 618
"../../../Engine/Content/VREditor/SnapGrid/SnapGridMaterial.uasset" 619
"../../../Engine/Content/VREditor/SnapGrid/SnapGridPlaneMesh.uasset" 620
"../../../Engine/Content/VREditor/LaserPointer/VR_LaserPower_01.uasset" 621
"../../../Engine/Content/VREditor/TransformGizmo/TransformGizmoMaterial.uasset" 622
"../../../Engine/Content/VREditor/TransformGizmo/TranslucentTransformGizmoMaterial.uasset" 623
"../../../Engine/Content/VREditor/TransformGizmo/PlaneTranslationHandle.uasset" 624
"../../../Engine/Content/VREditor/TransformGizmo/TranslateArrowHandle.uasset" 625
"../../../Engine/Content/VREditor/TransformGizmo/Main.uasset" 626
"../../../Engine/Content/VREditor/TransformGizmo/Xray.uasset" 627
"../../../Engine/Content/VREditor/TransformGizmo/SM_Sequencer_Key.uasset" 628
"../../../Engine/Content/VREditor/TransformGizmo/TranslucentTransformGizmoMaterial_Inst.uasset" 629
"../../../Engine/Content/VREditor/TransformGizmo/TransformGizmoFreeRotation.uasset" 630
"../../../Engine/Content/VREditor/TransformGizmo/RotationHandleIndicator.uasset" 631
"../../../Engine/Content/VREditor/TransformGizmo/RotationHandleQuarter.uasset" 632
"../../../Engine/Content/VREditor/TransformGizmo/RotationHandleFull.uasset" 633
"../../../Engine/Content/VREditor/TransformGizmo/BoundingBoxCorner.uasset" 634
"../../../Engine/Content/VREditor/TransformGizmo/UniformScaleHandle.uasset" 635
"../../../Engine/Content/VREditor/TransformGizmo/SM_Dialog_Move.uasset" 636
"../../../Engine/Content/VREditor/TransformGizmo/SM_Dialog_Close.uasset" 637
"../../../Engine/Content/VREditor/TransformGizmo/TransformGizmoMaterial_Inst.uasset" 638
"../../../Engine/Content/VREditor/TransformGizmo/StartRotationHandleIndicator.uasset" 639
"../../../Engine/Content/VREditor/TransformGizmo/BoundingBoxEdge.uasset" 640
"../../../Engine/Content/Functions/Engine_MaterialFunctions01/Density/ExponentialDensity.uasset" 641
"../../../Engine/Content/VREditor/WorldMovementGrid/GridPostProcess.uasset" 642
"../../../Engine/Content/VREditor/WorldMovementGrid/SimpleGrid.uasset" 643
"../../../Engine/Content/VREditor/WorldMovementGrid/GridMaterial.uasset" 644
"../../../Engine/Content/EditorLandscapeResources/FlattenHeightMat.uasset" 645
"../../../Engine/Content/VREditor/WorldMovementGrid/PlaneMesh.uasset" 646
"../../../Engine/Content/VREditor/Teleport/TeleportDirectionMaterial.uasset" 647
"../../../Engine/Content/VREditor/Teleport/TeleportDirectionMaterial_Inst.uasset" 648
"../../../Engine/Content/VREditor/Teleport/TeleportDirectionMesh.uasset" 649
"../../../Engine/Content/VREditor/Sounds/VR_teleport.uasset" 650
"../../../Engine/Content/VREditor/Sounds/UI/Teleport_Mode_Entered.uasset" 651
"../../../Engine/Content/VREditor/Sounds/UI/Dockable_Window_Open.uasset" 652
"../../../Engine/Content/VREditor/Sounds/UI/Drop_Item_From_ContentBrowser.uasset" 653
"../../../Engine/Content/VREditor/Sounds/UI/Scaling_Up.uasset" 654
"../../../Engine/Content/VREditor/Sounds/UI/Object_Snaps_To_Grid.uasset" 655
"../../../Engine/Content/VREditor/Sounds/UI/Radial_Menu_FadeOut.uasset" 656
"../../../Engine/Content/VREditor/Sounds/UI/Dockable_Window_Close.uasset" 657
"../../../Engine/Content/VREditor/Sounds/UI/Gizmo_Handle_Clicked.uasset" 658
"../../../Engine/Content/VREditor/Sounds/UI/Floating_UI_Open-001.uasset" 659
"../../../Engine/Content/VREditor/Sounds/UI/Click_on_Button_Cue.uasset" 660
"../../../Engine/Content/VREditor/Sounds/UI/Object_Snaps_To_Another_Actor.uasset" 661
"../../../Engine/Content/VREditor/Sounds/UI/Dockable_Window_Drop.uasset" 662
"../../../Engine/Content/VREditor/Sounds/UI/Selection_Changes.uasset" 663
"../../../Engine/Content/VREditor/Sounds/UI/Object_PickUp.uasset" 664
"../../../Engine/Content/VREditor/Sounds/UI/Dockable_Window_Pick_Up.uasset" 665
"../../../Engine/Content/VREditor/Sounds/UI/Scaling_Down.uasset" 666
"../../../Engine/Content/VREditor/LaserPointer/LaserPointerMaterial.uasset" 667
"../../../Engine/Content/VREditor/LaserPointer/LaserPointerMaterialInst.uasset" 668
"../../../Engine/Content/VREditor/LaserPointer/TranslucentLaserPointerMaterialInst.uasset" 669
"../../../Engine/Content/VREditor/LaserPointer/LaserPointerMesh_Start.uasset" 670
"../../../Engine/Content/VREditor/LaserPointer/LaserPointerMesh.uasset" 671
"../../../Engine/Content/VREditor/LaserPointer/CursorPointer.uasset" 672
"../../../Engine/Content/VREditor/LaserPointer/LaserPointerMesh_End.uasset" 673
"../../../Engine/Content/VREditor/LaserPointer/HoverMaterial.uasset" 674
"../../../Engine/Content/VREditor/LaserPointer/TranslucentHoverMaterial.uasset" 675
"../../../Engine/Content/VREditor/LaserPointer/HoverMesh.uasset" 676
"../../../Engine/Content/VREditor/Fonts/VRText_RobotoLarge.uasset" 677
"../../../Engine/Content/VREditor/Fonts/VRTextMaterial.uasset" 678
"../../../Engine/Content/VREditor/Fonts/TranslucentVRTextMaterial.uasset" 679
"../../../Engine/Content/VREditor/Devices/Generic/GenericHMDMaterial.uasset" 680
"../../../Engine/Content/VREditor/Devices/Generic/GenericHMD.uasset" 681
"../../../Engine/Plugins/2D/Paper2D/Content/PlaceholderTextures/DummySpriteTexture.uasset" 682
"../../../Engine/Plugins/2D/Paper2D/Content/DummySprite.uasset" 683
"../../../Engine/Plugins/2D/Paper2D/Content/DefaultPaperTerrainMaterial.uasset" 684
"../../../Engine/Plugins/2D/Paper2D/Content/MaskedUnlitSpriteMaterial.uasset" 685
"../../../InstructorOfTheDead/Content/2DSideScrollerBP/Blueprints/MMenu.uasset" 686
"../../../InstructorOfTheDead/Content/2DSideScrollerBP/Sounds/Music/Intro.uasset" 687
"../../../InstructorOfTheDead/Content/2DSideScrollerBP/Maps/Main_Menu.umap" 688
"../../../InstructorOfTheDead/Content/2DSideScrollerBP/Blueprints/Intro.uasset" 689
"../../../InstructorOfTheDead/Content/2DSideScrollerBP/Maps/Intro.umap" 690
"../../../InstructorOfTheDead/Content/2DSideScrollerBP/Blueprints/HealSpawnerBoss.uasset" 691
"../../../InstructorOfTheDead/Content/StarterContent/Textures/T_Tech_Hex_Tile_M.uasset" 692
"../../../InstructorOfTheDead/Content/StarterContent/Textures/T_Tech_Hex_Tile_N.uasset" 693
"../../../InstructorOfTheDead/Content/StarterContent/Materials/M_Tech_Hex_Tile_Pulse.uasset" 694
"../../../InstructorOfTheDead/Content/2DSideScrollerBP/Sounds/Char_Sounds/Health.uasset" 695
"../../../InstructorOfTheDead/Content/StarterContent/Props/MaterialSphere.uasset" 696
"../../../InstructorOfTheDead/Content/2DSideScrollerBP/Blueprints/energyBall.uasset" 697
"../../../InstructorOfTheDead/Content/2DSideScrollerBP/Blueprints/spEn.uasset" 698
"../../../InstructorOfTheDead/Content/2DSideScrollerBP/Maps/2DSideScrollerExampleMap_BuiltData.uasset" 699
"../../../Engine/Content/MapTemplates/Bokeh_5Sides.uasset" 700
"../../../Engine/Content/MapTemplates/T_ScreenDirt02_w.uasset" 701
"../../../InstructorOfTheDead/Content/2DSideScroller/Textures/2DBackgroundBlockAtlas.uasset" 702
"../../../InstructorOfTheDead/Content/2DSideScroller/Sprites/Ledge.uasset" 703
"../../../InstructorOfTheDead/Content/InstructorOfTheDead/Assets/liu2_Sprite.uasset" 704
"../../../InstructorOfTheDead/Content/2DSideScrollerBP/Maps/2DSideScrollerExampleMap.umap" 705
"../../../InstructorOfTheDead/Content/2DSideScrollerBP/Sprites/Enemy/EnemyCreeper/Jump_Anim_mixamo_com.uasset" 706
"../../../InstructorOfTheDead/Content/2DSideScrollerBP/Sprites/Enemy/EnemyCreeper/Jill_HiMidRes_diffuse.uasset" 707
"../../../InstructorOfTheDead/Content/2DSideScrollerBP/Sprites/Enemy/EnemyCreeper/Jill_HiMidRes_normal.uasset" 708
"../../../InstructorOfTheDead/Content/2DSideScrollerBP/Sprites/Enemy/EnemyCreeper/Jill_HiMidRes_specular.uasset" 709
"../../../InstructorOfTheDead/Content/2DSideScrollerBP/Sprites/Enemy/EnemyCreeper/Jill_HiMidRes_Body_MAT.uasset" 710
"../../../InstructorOfTheDead/Content/2DSideScrollerBP/Sprites/Enemy/EnemyCreeper/Jill_HiMidRes_Eyes_MAT.uasset" 711
"../../../InstructorOfTheDead/Content/2DSideScrollerBP/Sprites/Enemy/EnemyCreeper/Jill_HiMidRes_EyeSpec_MAT.uasset" 712
"../../../InstructorOfTheDead/Content/2DSideScrollerBP/Sprites/Enemy/EnemyCreeper/Jill_HiMidRes_Gown_MAT.uasset" 713
"../../../InstructorOfTheDead/Content/2DSideScrollerBP/Sprites/Enemy/EnemyCreeper/Jill_HiMidRes_Hair_MAT.uasset" 714
"../../../InstructorOfTheDead/Content/2DSideScrollerBP/Sprites/Enemy/EnemyCreeper/Jill_HiMidRes_Teeth_MAT.uasset" 715
"../../../InstructorOfTheDead/Content/2DSideScrollerBP/Sprites/Enemy/EnemyCreeper/jill_PhysicsAsset.uasset" 716
"../../../InstructorOfTheDead/Content/2DSideScrollerBP/Sprites/Enemy/EnemyCreeper/jill.uasset" 717
"../../../InstructorOfTheDead/Content/2DSideScrollerBP/Blueprints/Enemy_blueprints/level_2/EnemyShoota.uasset" 718
"../../../Engine/Content/EngineSky/C_Sky_Cloud_Color.uasset" 719
"../../../Engine/Content/EngineSky/C_Sky_Horizon_Color.uasset" 720
"../../../Engine/Content/EngineSky/C_Sky_Zenith_Color.uasset" 721
"../../../Engine/Content/EngineSky/T_Sky_Blue.uasset" 722
"../../../Engine/Content/EngineSky/T_Sky_Clouds_M.uasset" 723
"../../../Engine/Content/EngineSky/T_Sky_Stars.uasset" 724
"../../../Engine/Content/EngineSky/M_Sky_Panning_Clouds2.uasset" 725
"../../../Engine/Content/EngineSky/SM_SkySphere.uasset" 726
"../../../Engine/Content/EngineSky/BP_Sky_Sphere.uasset" 727
"../../../InstructorOfTheDead/Content/2DSideScrollerBP/Sounds/Char_Sounds/Bonus_Point.uasset" 728
"../../../InstructorOfTheDead/Content/2DSideScrollerBP/Sounds/Char_Sounds/Caching.uasset" 729
"../../../InstructorOfTheDead/Content/StarterContent/Shapes/Shape_Cylinder.uasset" 730
"../../../InstructorOfTheDead/Content/2DSideScrollerBP/Blueprints/Coin.uasset" 731
"../../../InstructorOfTheDead/Content/2DSideScrollerBP/Blueprints/Platforms/PlatformElevator.uasset" 732
"../../../InstructorOfTheDead/Content/2DSideScrollerBP/Blueprints/Platforms/PlatformFalling.uasset" 733
"../../../InstructorOfTheDead/Content/2DSideScrollerBP/Blueprints/Platforms/PlatformRepeating.uasset" 734
"../../../InstructorOfTheDead/Content/2DSideScrollerBP/Maps/EnemyShoota_test_BuiltData.uasset" 735
"../../../Engine/Content/MapTemplates/SM_Template_Map_Floor.uasset" 736
"../../../InstructorOfTheDead/Content/2DSideScrollerBP/Maps/EnemyShoota_test.umap" 737
"../../../InstructorOfTheDead/Content/2DSideScrollerBP/Sounds/Char_Sounds/Zombie1.uasset" 738
"../../../InstructorOfTheDead/Content/2DSideScrollerBP/Sounds/Char_Sounds/Zombie2.uasset" 739
"../../../InstructorOfTheDead/Content/2DSideScrollerBP/Sounds/Char_Sounds/Zombie3.uasset" 740
"../../../InstructorOfTheDead/Content/2DSideScrollerBP/Blueprints/Enemy_blueprints/Level_1/EnemyCharacter.uasset" 741
"../../../InstructorOfTheDead/Content/2DSideScrollerBP/Blueprints/Enemy_blueprints/Level_1/EnemyJumper.uasset" 742
"../../../InstructorOfTheDead/Content/2DSideScrollerBP/Blueprints/Platforms/PlatformElevatorDown.uasset" 743
"../../../InstructorOfTheDead/Content/2DSideScrollerBP/Blueprints/Platforms/PlatformElevatorTall.uasset" 744
"../../../InstructorOfTheDead/Content/2DSideScrollerBP/Maps/Level1_BuiltData.uasset" 745
"../../../InstructorOfTheDead/Content/2DSideScrollerBP/Blueprints/T_Ground_Gravel_Mat.uasset" 746
"../../../InstructorOfTheDead/Content/StarterContent/Textures/T_Brick_Clay_New_D.uasset" 747
"../../../InstructorOfTheDead/Content/StarterContent/Textures/T_Brick_Clay_New_M.uasset" 748
"../../../InstructorOfTheDead/Content/StarterContent/Textures/T_Brick_Clay_New_N.uasset" 749
"../../../InstructorOfTheDead/Content/StarterContent/Materials/M_Brick_Clay_New.uasset" 750
"../../../InstructorOfTheDead/Content/StarterContent/Textures/T_Ground_Grass_D.uasset" 751
"../../../InstructorOfTheDead/Content/StarterContent/Textures/T_Ground_Grass_N.uasset" 752
"../../../InstructorOfTheDead/Content/StarterContent/Materials/M_Ground_Grass.uasset" 753
"../../../InstructorOfTheDead/Content/StarterContent/Textures/T_ground_Moss_D.uasset" 754
"../../../InstructorOfTheDead/Content/StarterContent/Textures/T_Ground_Moss_N.uasset" 755
"../../../InstructorOfTheDead/Content/StarterContent/Materials/M_Ground_Moss.uasset" 756
"../../../InstructorOfTheDead/Content/StarterContent/Materials/M_Metal_Chrome.uasset" 757
"../../../InstructorOfTheDead/Content/StarterContent/Textures/T_Wood_Oak_D.uasset" 758
"../../../InstructorOfTheDead/Content/StarterContent/Textures/T_Wood_Oak_N.uasset" 759
"../../../InstructorOfTheDead/Content/StarterContent/Materials/M_Wood_Oak.uasset" 760
"../../../InstructorOfTheDead/Content/StarterContent/Textures/T_Wood_Pine_D.uasset" 761
"../../../InstructorOfTheDead/Content/StarterContent/Textures/T_Wood_Pine_N.uasset" 762
"../../../InstructorOfTheDead/Content/StarterContent/Materials/M_Wood_Pine.uasset" 763
"../../../Engine/Content/BasicShapes/Plane.uasset" 764
"../../../InstructorOfTheDead/Content/2DSideScrollerBP/BG/clouds.uasset" 765
"../../../InstructorOfTheDead/Content/2DSideScrollerBP/BG/Cloudy.uasset" 766
"../../../InstructorOfTheDead/Content/2DSideScrollerBP/Sounds/Music/Level1.uasset" 767
"../../../InstructorOfTheDead/Content/2DSideScrollerBP/Sprites/Assets/mountains-back.uasset" 768
"../../../InstructorOfTheDead/Content/2DSideScrollerBP/Sprites/Assets/mountains-back_Sprite.uasset" 769
"../../../InstructorOfTheDead/Content/StarterContent/Textures/T_Frame_M.uasset" 770
"../../../InstructorOfTheDead/Content/StarterContent/Textures/T_Frame_N.uasset" 771
"../../../InstructorOfTheDead/Content/StarterContent/Props/Materials/M_Frame.uasset" 772
"../../../InstructorOfTheDead/Content/StarterContent/Props/SM_WindowFrame.uasset" 773
"../../../InstructorOfTheDead/Content/2DSideScrollerBP/Maps/Level1.umap" 774
"../../../InstructorOfTheDead/Content/2DSideScrollerBP/Maps/Main_Menu_2.umap" 775
"../../../InstructorOfTheDead/Content/2DSideScrollerBP/Sprites/Enemy/EnemyCharacter/Run_Forward_Anim_mixamo_com.uasset" 776
"../../../InstructorOfTheDead/Content/2DSideScrollerBP/Sprites/Enemy/EnemyCharacter/GirlScout_diffuse.uasset" 777
"../../../InstructorOfTheDead/Content/2DSideScrollerBP/Sprites/Enemy/EnemyCharacter/GirlScout_normal.uasset" 778
"../../../InstructorOfTheDead/Content/2DSideScrollerBP/Sprites/Enemy/EnemyCharacter/GirlScout_specular.uasset" 779
"../../../InstructorOfTheDead/Content/2DSideScrollerBP/Sprites/Enemy/EnemyCharacter/GirlScoutZombie_Material.uasset" 780
"../../../InstructorOfTheDead/Content/2DSideScrollerBP/Sprites/Enemy/EnemyCharacter/girlscout_t_masuyama_PhysicsAsset.uasset" 781
"../../../InstructorOfTheDead/Content/2DSideScrollerBP/Sprites/Enemy/EnemyCharacter/girlscout_t_masuyama.uasset" 782
"../../../InstructorOfTheDead/Content/2DSideScrollerBP/Blueprints/Enemy_blueprints/level_2/EnemyCharacter.uasset" 783
"../../../InstructorOfTheDead/Content/2DSideScrollerBP/Sprites/Enemy/Emeny_jumper/Running__2__Anim_mixamo_com.uasset" 784
"../../../InstructorOfTheDead/Content/2DSideScrollerBP/Sprites/Enemy/Emeny_jumper/mremireh_body__diffuse.uasset" 785
"../../../InstructorOfTheDead/Content/2DSideScrollerBP/Sprites/Enemy/Emeny_jumper/mremireh_body_normal.uasset" 786
"../../../InstructorOfTheDead/Content/2DSideScrollerBP/Sprites/Enemy/Emeny_jumper/mremireh_body_specular.uasset" 787
"../../../InstructorOfTheDead/Content/2DSideScrollerBP/Sprites/Enemy/Emeny_jumper/emireh_body_material.uasset" 788
"../../../InstructorOfTheDead/Content/2DSideScrollerBP/Sprites/Enemy/Emeny_jumper/mremireh_shoe_diffuse.uasset" 789
"../../../InstructorOfTheDead/Content/2DSideScrollerBP/Sprites/Enemy/Emeny_jumper/mremireh_shoe_normal.uasset" 790
"../../../InstructorOfTheDead/Content/2DSideScrollerBP/Sprites/Enemy/Emeny_jumper/mremireh_shoe_specular.uasset" 791
"../../../InstructorOfTheDead/Content/2DSideScrollerBP/Sprites/Enemy/Emeny_jumper/emireh_shoe_material.uasset" 792
"../../../InstructorOfTheDead/Content/2DSideScrollerBP/Sprites/Enemy/Emeny_jumper/mremireh_o_desbiens_PhysicsAsset.uasset" 793
"../../../InstructorOfTheDead/Content/2DSideScrollerBP/Sprites/Enemy/Emeny_jumper/mremireh_o_desbiens.uasset" 794
"../../../InstructorOfTheDead/Content/2DSideScrollerBP/Blueprints/Enemy_blueprints/level_2/EnemyJumper.uasset" 795
"../../../InstructorOfTheDead/Content/2DSideScrollerBP/Maps/Level2_BuiltData.uasset" 796
"../../../InstructorOfTheDead/Content/StarterContent/Textures/T_Brick_Clay_Beveled_D.uasset" 797
"../../../InstructorOfTheDead/Content/StarterContent/Textures/T_Brick_Clay_Beveled_M.uasset" 798
"../../../InstructorOfTheDead/Content/StarterContent/Textures/T_Brick_Clay_Beveled_N.uasset" 799
"../../../InstructorOfTheDead/Content/StarterContent/Materials/M_Brick_Clay_Beveled.uasset" 800
"../../../InstructorOfTheDead/Content/2DSideScrollerBP/Sounds/Music/Level2.uasset" 801
"../../../InstructorOfTheDead/Content/2DSideScrollerBP/Maps/Level2.umap" 802
"../../../InstructorOfTheDead/Content/2DSideScrollerBP/Blueprints/LevelSelect.uasset" 803
"../../../InstructorOfTheDead/Content/2DSideScrollerBP/Maps/Level_Select.umap" 804
"../../../InstructorOfTheDead/Content/2DSideScrollerBP/Maps/TestLevel.umap" 805
"../../../InstructorOfTheDead/Content/2DSideScrollerBP/Sounds/Char_Sounds/Congrats.uasset" 806
"../../../InstructorOfTheDead/Content/2DSideScrollerBP/Sounds/Char_Sounds/Rawr.uasset" 807
"../../../InstructorOfTheDead/Content/2DSideScrollerBP/Blueprints/Enemy_blueprints/Boss_level/BossCharacter.uasset" 808
"../../../InstructorOfTheDead/Content/2DSideScrollerBP/Blueprints/ZombieSpawner.uasset" 809
"../../../InstructorOfTheDead/Content/2DSideScrollerBP/Maps/FinalDestination_BuiltData.uasset" 810
"../../../Engine/Content/EngineMaterials/BaseFlattenDiffuseMap.uasset" 811
"../../../Engine/Content/EngineMaterials/BaseFlattenEmissiveMap.uasset" 812
"../../../Engine/Content/EngineMaterials/BaseFlattenGrayscaleMap.uasset" 813
"../../../Engine/Content/EngineMaterials/BaseFlattenNormalMap.uasset" 814
"../../../Engine/Content/EngineMaterials/BaseFlattenMaterial.uasset" 815
"../../../InstructorOfTheDead/Content/2DSideScrollerBP/BG/moon2.uasset" 816
"../../../InstructorOfTheDead/Content/2DSideScrollerBP/BG/Boss_moon.uasset" 817
"../../../InstructorOfTheDead/Content/2DSideScrollerBP/BG/night_sky.uasset" 818
"../../../InstructorOfTheDead/Content/2DSideScrollerBP/BG/Boss_sky.uasset" 819
"../../../InstructorOfTheDead/Content/2DSideScrollerBP/Sounds/Music/Level3.uasset" 820
"../../../InstructorOfTheDead/Content/2DSideScrollerBP/Maps/FinalDestination.umap" 821
"../../../InstructorOfTheDead/Content/2DSideScrollerBP/Maps/LevelSelect.umap" 822
"../../../InstructorOfTheDead/Content/2DSideScrollerBP/Blueprints/Menu.umap" 823
"../../../InstructorOfTheDead/Content/StarterContent/Blueprints/Assets/FogBrightnessLUT.uasset" 824
"../../../InstructorOfTheDead/Content/StarterContent/Blueprints/Assets/SunlightColorLUT.uasset" 825
"../../../InstructorOfTheDead/Content/StarterContent/Blueprints/Assets/M_LightStage_Arrows.uasset" 826
"../../../Engine/Content/MapTemplates/Sky/DaylightAmbientCubemap.uasset" 827
"../../../InstructorOfTheDead/Content/StarterContent/Blueprints/Assets/M_LightStage_Skybox_Master.uasset" 828
"../../../InstructorOfTheDead/Content/StarterContent/Blueprints/Assets/M_LightStage_Skybox_Black.uasset" 829
"../../../InstructorOfTheDead/Content/StarterContent/Blueprints/Assets/M_LightStage_Skybox_HDRI.uasset" 830
"../../../Engine/Content/EditorMaterials/Thumbnails/SkySphereMaterial.uasset" 831
"../../../InstructorOfTheDead/Content/StarterContent/Blueprints/Assets/Skybox.uasset" 832
"../../../InstructorOfTheDead/Content/StarterContent/Blueprints/Assets/SM_Arrows.uasset" 833
"../../../InstructorOfTheDead/Content/StarterContent/HDRI/HDRI_Epic_Courtyard_Daylight.uasset" 834
"../../../InstructorOfTheDead/Content/StarterContent/Blueprints/BP_LightStudio.uasset" 835
"../../../InstructorOfTheDead/Content/StarterContent/Maps/Advanced_Lighting_BuiltData.uasset" 836
"../../../InstructorOfTheDead/Content/StarterContent/Materials/M_AssetPlatform.uasset" 837
"../../../Engine/Content/EditorMeshes/ColorCalibrator/M_ChromeBall.uasset" 838
"../../../Engine/Content/EditorMeshes/ColorCalibrator/M_ClearCoat.uasset" 839
"../../../Engine/Content/EditorMeshes/ColorCalibrator/M_ClearCoatBlack.uasset" 840
"../../../Engine/Content/EditorMeshes/ColorCalibrator/M_ColorGrid.uasset" 841
"../../../Engine/Content/EditorMeshes/ColorCalibrator/M_GreyBall.uasset" 842
"../../../Engine/Content/EditorMeshes/ColorCalibrator/SM_ColorCalibrator.uasset" 843
"../../../InstructorOfTheDead/Content/StarterContent/Architecture/SM_AssetPlatform.uasset" 844
"../../../InstructorOfTheDead/Content/StarterContent/Maps/Advanced_Lighting.umap" 845
"../../../InstructorOfTheDead/Content/StarterContent/Audio/Fire01_Cue.uasset" 846
"../../../InstructorOfTheDead/Content/StarterContent/Textures/T_Fire_SubUV.uasset" 847
"../../../InstructorOfTheDead/Content/StarterContent/Textures/T_Fire_Tiled_D.uasset" 848
"../../../InstructorOfTheDead/Content/StarterContent/Particles/Materials/M_Fire_SubUV.uasset" 849
"../../../InstructorOfTheDead/Content/StarterContent/Particles/Materials/M_Heat_Distortion.uasset" 850
"../../../InstructorOfTheDead/Content/StarterContent/Particles/P_Fire.uasset" 851
"../../../InstructorOfTheDead/Content/StarterContent/Blueprints/Blueprint_Effect_Fire.uasset" 852
"../../../InstructorOfTheDead/Content/StarterContent/Audio/Smoke01_Cue.uasset" 853
"../../../InstructorOfTheDead/Content/StarterContent/Particles/P_Smoke.uasset" 854
"../../../InstructorOfTheDead/Content/StarterContent/Blueprints/Blueprint_Effect_Smoke.uasset" 855
"../../../InstructorOfTheDead/Content/StarterContent/Audio/Fire_Sparks01_Cue.uasset" 856
"../../../InstructorOfTheDead/Content/StarterContent/Blueprints/Blueprint_Effect_Sparks.uasset" 857
"../../../InstructorOfTheDead/Content/StarterContent/Audio/Steam01_Cue.uasset" 858
"../../../InstructorOfTheDead/Content/StarterContent/Particles/P_Steam_Lit.uasset" 859
"../../../InstructorOfTheDead/Content/StarterContent/Blueprints/Blueprint_Effect_Steam.uasset" 860
"../../../InstructorOfTheDead/Content/StarterContent/Textures/T_Lamp_M.uasset" 861
"../../../InstructorOfTheDead/Content/StarterContent/Textures/T_Lamp_N.uasset" 862
"../../../InstructorOfTheDead/Content/StarterContent/Props/Materials/M_Lamp.uasset" 863
"../../../InstructorOfTheDead/Content/StarterContent/Props/SM_Lamp_Ceiling.uasset" 864
"../../../InstructorOfTheDead/Content/StarterContent/Blueprints/Blueprint_CeilingLight.uasset" 865
"../../../InstructorOfTheDead/Content/StarterContent/Props/SM_Lamp_Wall.uasset" 866
"../../../InstructorOfTheDead/Content/StarterContent/Blueprints/Blueprint_WallSconce.uasset" 867
"../../../InstructorOfTheDead/Content/StarterContent/Maps/StarterMap_BuiltData.uasset" 868
"../../../Engine/Content/Functions/Engine_MaterialFunctions03/Procedurals/ComputeFilterWidth.uasset" 869
"../../../Engine/Content/EngineMaterials/AntiAliasedTextMaterialTranslucent.uasset" 870
"../../../InstructorOfTheDead/Content/StarterContent/Textures/T_Brick_Clay_Old_D.uasset" 871
"../../../InstructorOfTheDead/Content/StarterContent/Textures/T_Brick_Clay_Old_N.uasset" 872
"../../../InstructorOfTheDead/Content/StarterContent/Materials/M_Brick_Clay_Old.uasset" 873
"../../../InstructorOfTheDead/Content/StarterContent/Textures/T_Brick_Cut_Stone_D.uasset" 874
"../../../InstructorOfTheDead/Content/StarterContent/Textures/T_Brick_Cut_Stone_N.uasset" 875
"../../../InstructorOfTheDead/Content/StarterContent/Materials/M_Brick_Cut_Stone.uasset" 876
"../../../InstructorOfTheDead/Content/StarterContent/Textures/T_Brick_Hewn_Stone_D.uasset" 877
"../../../InstructorOfTheDead/Content/StarterContent/Textures/T_Brick_Hewn_Stone_M.uasset" 878
"../../../InstructorOfTheDead/Content/StarterContent/Textures/T_Brick_Hewn_Stone_N.uasset" 879
"../../../InstructorOfTheDead/Content/StarterContent/Materials/M_Brick_Hewn_Stone.uasset" 880
"../../../InstructorOfTheDead/Content/StarterContent/Textures/T_Ceramic_Tile_M.uasset" 881
"../../../InstructorOfTheDead/Content/StarterContent/Textures/T_Ceramic_Tile_N.uasset" 882
"../../../InstructorOfTheDead/Content/StarterContent/Textures/T_Rock_Marble_Polished_D.uasset" 883
"../../../InstructorOfTheDead/Content/StarterContent/Materials/M_Ceramic_Tile_Checker.uasset" 884
"../../../InstructorOfTheDead/Content/StarterContent/Textures/T_CobbleStone_Pebble_D.uasset" 885
"../../../InstructorOfTheDead/Content/StarterContent/Textures/T_CobbleStone_Pebble_M.uasset" 886
"../../../InstructorOfTheDead/Content/StarterContent/Textures/T_CobbleStone_Pebble_N.uasset" 887
"../../../InstructorOfTheDead/Content/StarterContent/Materials/M_CobbleStone_Pebble.uasset" 888
"../../../InstructorOfTheDead/Content/StarterContent/Textures/T_CobbleStone_Rough_D.uasset" 889
"../../../InstructorOfTheDead/Content/StarterContent/Textures/T_CobbleStone_Rough_N.uasset" 890
"../../../InstructorOfTheDead/Content/StarterContent/Textures/T_Gradinet_01.uasset" 891
"../../../InstructorOfTheDead/Content/StarterContent/Textures/T_Rock_Smooth_Granite_D.uasset" 892
"../../../InstructorOfTheDead/Content/StarterContent/Materials/M_CobbleStone_Rough.uasset" 893
"../../../InstructorOfTheDead/Content/StarterContent/Textures/T_CobbleStone_Smooth_D.uasset" 894
"../../../InstructorOfTheDead/Content/StarterContent/Textures/T_CobbleStone_Smooth_M.uasset" 895
"../../../InstructorOfTheDead/Content/StarterContent/Textures/T_CobbleStone_Smooth_N.uasset" 896
"../../../InstructorOfTheDead/Content/StarterContent/Materials/M_CobbleStone_Smooth.uasset" 897
"../../../InstructorOfTheDead/Content/StarterContent/Textures/T_Concrete_Grime_D.uasset" 898
"../../../InstructorOfTheDead/Content/StarterContent/Textures/T_Metal_Rust_N.uasset" 899
"../../../InstructorOfTheDead/Content/StarterContent/Materials/M_Concrete_Grime.uasset" 900
"../../../InstructorOfTheDead/Content/StarterContent/Textures/T_Concrete_Panels_D.uasset" 901
"../../../InstructorOfTheDead/Content/StarterContent/Textures/T_Concrete_Panels_N.uasset" 902
"../../../InstructorOfTheDead/Content/StarterContent/Materials/M_Concrete_Panels.uasset" 903
"../../../InstructorOfTheDead/Content/StarterContent/Textures/T_Concrete_Poured_D.uasset" 904
"../../../InstructorOfTheDead/Content/StarterContent/Textures/T_Concrete_Poured_N.uasset" 905
"../../../InstructorOfTheDead/Content/StarterContent/Materials/M_Concrete_Poured.uasset" 906
"../../../InstructorOfTheDead/Content/StarterContent/Textures/T_Concrete_Tiles_D.uasset" 907
"../../../InstructorOfTheDead/Content/StarterContent/Textures/T_Concrete_Tiles_M.uasset" 908
"../../../InstructorOfTheDead/Content/StarterContent/Textures/T_Concrete_Tiles_N.uasset" 909
"../../../InstructorOfTheDead/Content/StarterContent/Textures/T_Concrete_Tiles_Variation_M.uasset" 910
"../../../InstructorOfTheDead/Content/StarterContent/Materials/M_Concrete_Tiles.uasset" 911
"../../../InstructorOfTheDead/Content/StarterContent/Materials/M_Metal_Brushed_Nickel.uasset" 912
"../../../InstructorOfTheDead/Content/StarterContent/Textures/T_Metal_Aluminum_D.uasset" 913
"../../../InstructorOfTheDead/Content/StarterContent/Textures/T_Metal_Gold_N.uasset" 914
"../../../InstructorOfTheDead/Content/StarterContent/Materials/M_Metal_Burnished_Steel.uasset" 915
"../../../InstructorOfTheDead/Content/StarterContent/Textures/T_Metal_Copper_D.uasset" 916
"../../../InstructorOfTheDead/Content/StarterContent/Materials/M_Metal_Copper.uasset" 917
"../../../InstructorOfTheDead/Content/StarterContent/Textures/T_Metal_Gold_D.uasset" 918
"../../../InstructorOfTheDead/Content/StarterContent/Materials/M_Metal_Gold.uasset" 919
"../../../InstructorOfTheDead/Content/StarterContent/Textures/T_Metal_Rust_D.uasset" 920
"../../../InstructorOfTheDead/Content/StarterContent/Materials/M_Metal_Rust.uasset" 921
"../../../InstructorOfTheDead/Content/StarterContent/Textures/T_Metal_Steel_D.uasset" 922
"../../../InstructorOfTheDead/Content/StarterContent/Textures/T_Metal_Steel_N.uasset" 923
"../../../InstructorOfTheDead/Content/StarterContent/Materials/M_Metal_Steel.uasset" 924
"../../../InstructorOfTheDead/Content/StarterContent/Textures/T_Rock_Basalt_N.uasset" 925
"../../../InstructorOfTheDead/Content/StarterContent/Materials/M_Rock_Basalt.uasset" 926
"../../../InstructorOfTheDead/Content/StarterContent/Materials/M_Rock_Marble_Polished.uasset" 927
"../../../InstructorOfTheDead/Content/StarterContent/Textures/T_Rock_Sandstone_D.uasset" 928
"../../../InstructorOfTheDead/Content/StarterContent/Textures/T_Rock_Sandstone_N.uasset" 929
"../../../InstructorOfTheDead/Content/StarterContent/Materials/M_Rock_Sandstone.uasset" 930
"../../../InstructorOfTheDead/Content/StarterContent/Textures/T_Rock_Slate_D.uasset" 931
"../../../InstructorOfTheDead/Content/StarterContent/Textures/T_Rock_Slate_N.uasset" 932
"../../../InstructorOfTheDead/Content/StarterContent/Materials/M_Rock_Slate.uasset" 933
"../../../InstructorOfTheDead/Content/StarterContent/Textures/T_Checker_Noise_M.uasset" 934
"../../../InstructorOfTheDead/Content/StarterContent/Textures/T_Single_Tile_N.uasset" 935
"../../../InstructorOfTheDead/Content/StarterContent/Textures/T_Tech_Dot_M.uasset" 936
"../../../InstructorOfTheDead/Content/StarterContent/Textures/T_Tech_Dot_N.uasset" 937
"../../../InstructorOfTheDead/Content/StarterContent/Materials/M_Tech_Checker_Dot.uasset" 938
"../../../InstructorOfTheDead/Content/StarterContent/Materials/M_Tech_Hex_Tile.uasset" 939
"../../../InstructorOfTheDead/Content/StarterContent/Textures/T_Tech_Panel_M.uasset" 940
"../../../InstructorOfTheDead/Content/StarterContent/Textures/T_Tech_Panel_N.uasset" 941
"../../../InstructorOfTheDead/Content/StarterContent/Materials/M_Tech_Panel.uasset" 942
"../../../InstructorOfTheDead/Content/StarterContent/Textures/T_Water_M.uasset" 943
"../../../InstructorOfTheDead/Content/StarterContent/Materials/M_Water_Ocean.uasset" 944
"../../../InstructorOfTheDead/Content/StarterContent/Textures/T_Wood_Floor_Walnut_D.uasset" 945
"../../../InstructorOfTheDead/Content/StarterContent/Textures/T_Wood_Floor_Walnut_M.uasset" 946
"../../../InstructorOfTheDead/Content/StarterContent/Textures/T_Wood_Floor_Walnut_N.uasset" 947
"../../../InstructorOfTheDead/Content/StarterContent/Materials/M_Wood_Floor_Walnut_Polished.uasset" 948
"../../../Engine/Content/Functions/Engine_MaterialFunctions01/Opacity/AlphaOffset.uasset" 949
"../../../InstructorOfTheDead/Content/StarterContent/Materials/M_Wood_Floor_Walnut_Worn.uasset" 950
"../../../InstructorOfTheDead/Content/StarterContent/Textures/T_Wood_Walnut_D.uasset" 951
"../../../InstructorOfTheDead/Content/StarterContent/Textures/T_Wood_Walnut_N.uasset" 952
"../../../InstructorOfTheDead/Content/StarterContent/Materials/M_Wood_Walnut.uasset" 953
"../../../InstructorOfTheDead/Content/StarterContent/Architecture/Floor_400x400.uasset" 954
"../../../InstructorOfTheDead/Content/StarterContent/Architecture/Wall_400x200.uasset" 955
"../../../InstructorOfTheDead/Content/StarterContent/Architecture/Wall_Door_400x300.uasset" 956
"../../../InstructorOfTheDead/Content/StarterContent/Architecture/Wall_Window_400x300.uasset" 957
"../../../InstructorOfTheDead/Content/StarterContent/Audio/Collapse_Cue.uasset" 958
"../../../InstructorOfTheDead/Content/StarterContent/Audio/Starter_Background_Cue.uasset" 959
"../../../InstructorOfTheDead/Content/StarterContent/Audio/Starter_Music_Cue.uasset" 960
"../../../InstructorOfTheDead/Content/StarterContent/Textures/T_Dust_Particle_D.uasset" 961
"../../../InstructorOfTheDead/Content/StarterContent/Particles/Materials/M_Dust_Particle.uasset" 962
"../../../InstructorOfTheDead/Content/StarterContent/Particles/P_Ambient_Dust.uasset" 963
"../../../InstructorOfTheDead/Content/StarterContent/Props/SM_Chair.uasset" 964
"../../../InstructorOfTheDead/Content/StarterContent/Props/SM_CornerFrame.uasset" 965
"../../../InstructorOfTheDead/Content/StarterContent/Props/SM_DoorFrame.uasset" 966
"../../../InstructorOfTheDead/Content/StarterContent/Props/SM_GlassWindow.uasset" 967
"../../../InstructorOfTheDead/Content/StarterContent/Props/SM_PillarFrame.uasset" 968
"../../../InstructorOfTheDead/Content/StarterContent/Props/SM_PillarFrame300.uasset" 969
"../../../InstructorOfTheDead/Content/StarterContent/Textures/T_Statue_M.uasset" 970
"../../../InstructorOfTheDead/Content/StarterContent/Textures/T_Statue_N.uasset" 971
"../../../InstructorOfTheDead/Content/StarterContent/Props/Materials/M_Statue.uasset" 972
"../../../InstructorOfTheDead/Content/StarterContent/Props/Materials/M_StatueGlass.uasset" 973
"../../../InstructorOfTheDead/Content/StarterContent/Props/SM_Statue.uasset" 974
"../../../InstructorOfTheDead/Content/StarterContent/Textures/T_TableRound_M.uasset" 975
"../../../InstructorOfTheDead/Content/StarterContent/Textures/T_TableRound_N.uasset" 976
"../../../InstructorOfTheDead/Content/StarterContent/Props/Materials/M_TableRound.uasset" 977
"../../../InstructorOfTheDead/Content/StarterContent/Props/SM_TableRound.uasset" 978
"../../../InstructorOfTheDead/Content/StarterContent/Shapes/Shape_Cube.uasset" 979
"../../../InstructorOfTheDead/Content/StarterContent/Shapes/Shape_QuadPyramid.uasset" 980
"../../../InstructorOfTheDead/Content/StarterContent/Shapes/Shape_Sphere.uasset" 981
"../../../InstructorOfTheDead/Content/StarterContent/Maps/StarterMap.umap" 982
"../../../InstructorOfTheDead/Content/StarterContent/Maps/Minimal_Default_BuiltData.uasset" 983
"../../../InstructorOfTheDead/Content/StarterContent/Maps/Minimal_Default.umap" 984
"../../../Engine/Content/Maps/Entry.umap" 985
